0 verbose cli C:\Program Files\nodejs\node.exe C:\Program Files\nodejs\node_modules\npm\bin\npm-cli.js
1 info using npm@11.9.0
2 info using node@v24.14.0
3 silly config load:file:C:\Program Files\nodejs\node_modules\npm\npmrc
4 silly config load:file:C:\Users\User\Desktop\nvr-fleet\admin-ui\.npmrc
5 silly config load:file:C:\Users\User\.npmrc
6 silly config load:file:C:\Users\User\AppData\Roaming\npm\etc\npmrc
7 verbose title npm install
8 verbose argv "install"
9 verbose logfile logs-max:10 dir:C:\Users\User\Desktop\nvr-fleet\admin-ui\.npm-cache\_logs\2026-04-28T07_20_05_439Z-
10 verbose logfile C:\Users\User\Desktop\nvr-fleet\admin-ui\.npm-cache\_logs\2026-04-28T07_20_05_439Z-debug-0.log
11 silly logfile done cleaning log files
12 silly packumentCache heap:4496293888 maxSize:1124073472 maxEntrySize:562036736
13 silly idealTree buildDeps
14 silly fetch manifest react@^18.2.0
15 silly packumentCache full:https://registry.npmjs.org/react cache-miss
16 http fetch GET 200 https://registry.npmjs.org/npm 351ms
17 http fetch GET 200 https://registry.npmjs.org/react 482ms (cache miss)
18 silly packumentCache full:https://registry.npmjs.org/react set size:undefined disposed:false
19 silly fetch manifest react-dom@^18.2.0
20 silly packumentCache full:https://registry.npmjs.org/react-dom cache-miss
21 http fetch GET 200 https://registry.npmjs.org/react-dom 266ms (cache miss)
22 silly packumentCache full:https://registry.npmjs.org/react-dom set size:undefined disposed:false
23 silly fetch manifest @vitejs/plugin-react@^4.0.0
24 silly packumentCache full:https://registry.npmjs.org/@vitejs%2fplugin-react cache-miss
25 http fetch GET 200 https://registry.npmjs.org/@vitejs%2fplugin-react 81ms (cache miss)
26 silly packumentCache full:https://registry.npmjs.org/@vitejs%2fplugin-react set size:undefined disposed:false
27 silly fetch manifest vite@^5.0.0
28 silly packumentCache full:https://registry.npmjs.org/vite cache-miss
29 http fetch GET 200 https://registry.npmjs.org/vite 1880ms (cache miss)
30 silly packumentCache full:https://registry.npmjs.org/vite set size:undefined disposed:false
31 silly fetch manifest @types/node@^18.0.0 || >=20.0.0
32 silly packumentCache full:https://registry.npmjs.org/@types%2fnode cache-miss
33 http fetch GET 200 https://registry.npmjs.org/@types%2fnode 657ms (cache miss)
34 silly packumentCache full:https://registry.npmjs.org/@types%2fnode set size:undefined disposed:false
35 silly fetch manifest less@*
36 silly packumentCache full:https://registry.npmjs.org/less cache-miss
37 http fetch GET 200 https://registry.npmjs.org/less 348ms (cache miss)
38 silly packumentCache full:https://registry.npmjs.org/less set size:undefined disposed:false
39 silly fetch manifest lightningcss@^1.21.0
40 silly packumentCache full:https://registry.npmjs.org/lightningcss cache-miss
41 http fetch GET 200 https://registry.npmjs.org/lightningcss 93ms (cache miss)
42 silly packumentCache full:https://registry.npmjs.org/lightningcss set size:undefined disposed:false
43 silly fetch manifest sass@*
44 silly packumentCache full:https://registry.npmjs.org/sass cache-miss
45 http fetch GET 200 https://registry.npmjs.org/sass 187ms (cache miss)
46 silly packumentCache full:https://registry.npmjs.org/sass set size:undefined disposed:false
47 silly fetch manifest sass-embedded@*
48 silly packumentCache full:https://registry.npmjs.org/sass-embedded cache-miss
49 http fetch GET 200 https://registry.npmjs.org/sass-embedded 396ms (cache miss)
50 silly packumentCache full:https://registry.npmjs.org/sass-embedded set size:undefined disposed:false
51 silly fetch manifest stylus@*
52 silly packumentCache full:https://registry.npmjs.org/stylus cache-miss
53 http fetch GET 200 https://registry.npmjs.org/stylus 158ms (cache miss)
54 silly packumentCache full:https://registry.npmjs.org/stylus set size:undefined disposed:false
55 silly fetch manifest sugarss@*
56 silly packumentCache full:https://registry.npmjs.org/sugarss cache-miss
57 http fetch GET 200 https://registry.npmjs.org/sugarss 93ms (cache miss)
58 silly packumentCache full:https://registry.npmjs.org/sugarss set size:undefined disposed:false
59 silly fetch manifest postcss@^8.3.3
60 silly packumentCache full:https://registry.npmjs.org/postcss cache-miss
61 http fetch GET 200 https://registry.npmjs.org/postcss 848ms (cache miss)
62 silly packumentCache full:https://registry.npmjs.org/postcss set size:undefined disposed:false
63 silly fetch manifest terser@^5.4.0
64 silly packumentCache full:https://registry.npmjs.org/terser cache-miss
65 http fetch GET 200 https://registry.npmjs.org/terser 515ms (cache miss)
66 silly packumentCache full:https://registry.npmjs.org/terser set size:undefined disposed:false
67 silly placeDep ROOT @vitejs/plugin-react@4.7.0 OK for: nvr-fleet-admin@1.0.0 want: ^4.0.0
68 silly placeDep ROOT vite@5.4.21 OK for: @vitejs/plugin-react@4.7.0 want: ^4.2.0 || ^5.0.0 || ^6.0.0 || ^7.0.0
69 silly placeDep ROOT react@18.3.1 OK for: nvr-fleet-admin@1.0.0 want: ^18.2.0
70 silly placeDep ROOT react-dom@18.3.1 OK for: nvr-fleet-admin@1.0.0 want: ^18.2.0
71 silly fetch manifest @babel/core@^7.28.0
72 silly packumentCache full:https://registry.npmjs.org/@babel%2fcore cache-miss
73 silly fetch manifest react-refresh@^0.17.0
74 silly packumentCache full:https://registry.npmjs.org/react-refresh cache-miss
75 silly fetch manifest @types/babel__core@^7.20.5
76 silly packumentCache full:https://registry.npmjs.org/@types%2fbabel__core cache-miss
77 silly fetch manifest @rolldown/pluginutils@1.0.0-beta.27
78 silly packumentCache full:https://registry.npmjs.org/@rolldown%2fpluginutils cache-miss
79 silly fetch manifest @babel/plugin-transform-react-jsx-self@^7.27.1
80 silly packumentCache full:https://registry.npmjs.org/@babel%2fplugin-transform-react-jsx-self cache-miss
81 silly fetch manifest @babel/plugin-transform-react-jsx-source@^7.27.1
82 silly packumentCache full:https://registry.npmjs.org/@babel%2fplugin-transform-react-jsx-source cache-miss
83 silly fetch manifest rollup@^4.20.0
84 silly packumentCache full:https://registry.npmjs.org/rollup cache-miss
85 silly fetch manifest esbuild@^0.21.3
86 silly packumentCache full:https://registry.npmjs.org/esbuild cache-miss
87 silly fetch manifest postcss@^8.4.43
88 silly packumentCache full:https://registry.npmjs.org/postcss cache-miss
89 silly fetch manifest fsevents@~2.3.3
90 silly packumentCache full:https://registry.npmjs.org/fsevents cache-miss
91 silly fetch manifest loose-envify@^1.1.0
92 silly packumentCache full:https://registry.npmjs.org/loose-envify cache-miss
93 silly fetch manifest scheduler@^0.23.2
94 silly packumentCache full:https://registry.npmjs.org/scheduler cache-miss
95 silly fetch manifest loose-envify@^1.1.0
96 silly packumentCache full:https://registry.npmjs.org/loose-envify cache-miss
97 http cache https://registry.npmjs.org/postcss 36ms (cache hit)
98 silly packumentCache full:https://registry.npmjs.org/postcss set size:714272 disposed:false
99 http fetch GET 200 https://registry.npmjs.org/loose-envify 257ms (cache miss)
100 silly packumentCache full:https://registry.npmjs.org/loose-envify set size:undefined disposed:false
101 http fetch GET 200 https://registry.npmjs.org/@babel%2fplugin-transform-react-jsx-source 272ms (cache miss)
102 silly packumentCache full:https://registry.npmjs.org/@babel%2fplugin-transform-react-jsx-source set size:undefined disposed:false
103 http fetch GET 200 https://registry.npmjs.org/@types%2fbabel__core 280ms (cache miss)
104 silly packumentCache full:https://registry.npmjs.org/@types%2fbabel__core set size:undefined disposed:false
105 http fetch GET 200 https://registry.npmjs.org/@babel%2fcore 285ms (cache miss)
106 silly packumentCache full:https://registry.npmjs.org/@babel%2fcore set size:undefined disposed:false
107 http fetch GET 200 https://registry.npmjs.org/react-refresh 350ms (cache miss)
108 silly packumentCache full:https://registry.npmjs.org/react-refresh set size:undefined disposed:false
109 http fetch GET 200 https://registry.npmjs.org/loose-envify 404ms (cache miss)
110 silly packumentCache full:https://registry.npmjs.org/loose-envify set size:undefined disposed:false
111 http fetch GET 200 https://registry.npmjs.org/@babel%2fplugin-transform-react-jsx-self 562ms (cache miss)
112 silly packumentCache full:https://registry.npmjs.org/@babel%2fplugin-transform-react-jsx-self set size:undefined disposed:false
113 http fetch GET 200 https://registry.npmjs.org/fsevents 606ms (cache miss)
114 silly packumentCache full:https://registry.npmjs.org/fsevents set size:undefined disposed:false
115 http fetch GET 200 https://registry.npmjs.org/esbuild 763ms (cache miss)
116 silly packumentCache full:https://registry.npmjs.org/esbuild set size:undefined disposed:false
117 http fetch GET 200 https://registry.npmjs.org/@rolldown%2fpluginutils 1305ms (cache miss)
118 silly packumentCache full:https://registry.npmjs.org/@rolldown%2fpluginutils set size:undefined disposed:false
119 http fetch GET 200 https://registry.npmjs.org/rollup 1917ms (cache miss)
120 silly packumentCache full:https://registry.npmjs.org/rollup set size:undefined disposed:false
121 http fetch GET 200 https://registry.npmjs.org/scheduler 2029ms (cache miss)
122 silly packumentCache full:https://registry.npmjs.org/scheduler set size:undefined disposed:false
123 silly placeDep ROOT @babel/core@7.29.0 OK for: @vitejs/plugin-react@4.7.0 want: ^7.28.0
124 silly placeDep ROOT @babel/plugin-transform-react-jsx-self@7.27.1 OK for: @vitejs/plugin-react@4.7.0 want: ^7.27.1
125 silly placeDep ROOT @babel/plugin-transform-react-jsx-source@7.27.1 OK for: @vitejs/plugin-react@4.7.0 want: ^7.27.1
126 silly placeDep ROOT @rolldown/pluginutils@1.0.0-beta.27 OK for: @vitejs/plugin-react@4.7.0 want: 1.0.0-beta.27
127 silly placeDep ROOT @types/babel__core@7.20.5 OK for: @vitejs/plugin-react@4.7.0 want: ^7.20.5
128 silly placeDep ROOT react-refresh@0.17.0 OK for: @vitejs/plugin-react@4.7.0 want: ^0.17.0
129 silly fetch manifest debug@^4.1.0
130 silly packumentCache full:https://registry.npmjs.org/debug cache-miss
131 silly fetch manifest json5@^2.2.3
132 silly packumentCache full:https://registry.npmjs.org/json5 cache-miss
133 silly fetch manifest semver@^6.3.1
134 silly packumentCache full:https://registry.npmjs.org/semver cache-miss
135 silly fetch manifest gensync@^1.0.0-beta.2
136 silly packumentCache full:https://registry.npmjs.org/gensync cache-miss
137 silly fetch manifest @babel/types@^7.29.0
138 silly packumentCache full:https://registry.npmjs.org/@babel%2ftypes cache-miss
139 silly fetch manifest @babel/parser@^7.29.0
140 silly packumentCache full:https://registry.npmjs.org/@babel%2fparser cache-miss
141 silly fetch manifest @babel/helpers@^7.28.6
142 silly packumentCache full:https://registry.npmjs.org/@babel%2fhelpers cache-miss
143 silly fetch manifest @babel/template@^7.28.6
144 silly packumentCache full:https://registry.npmjs.org/@babel%2ftemplate cache-miss
145 silly fetch manifest @babel/traverse@^7.29.0
146 silly packumentCache full:https://registry.npmjs.org/@babel%2ftraverse cache-miss
147 silly fetch manifest @babel/generator@^7.29.0
148 silly packumentCache full:https://registry.npmjs.org/@babel%2fgenerator cache-miss
149 silly fetch manifest @babel/code-frame@^7.29.0
150 silly packumentCache full:https://registry.npmjs.org/@babel%2fcode-frame cache-miss
151 silly fetch manifest convert-source-map@^2.0.0
152 silly packumentCache full:https://registry.npmjs.org/convert-source-map cache-miss
153 silly fetch manifest @jridgewell/remapping@^2.3.5
154 silly packumentCache full:https://registry.npmjs.org/@jridgewell%2fremapping cache-miss
155 silly fetch manifest @babel/helper-module-transforms@^7.28.6
156 silly packumentCache full:https://registry.npmjs.org/@babel%2fhelper-module-transforms cache-miss
157 silly fetch manifest @babel/helper-compilation-targets@^7.28.6
158 silly packumentCache full:https://registry.npmjs.org/@babel%2fhelper-compilation-targets cache-miss
159 http fetch GET 200 https://registry.npmjs.org/json5 74ms (cache miss)
160 silly packumentCache full:https://registry.npmjs.org/json5 set size:undefined disposed:false
161 silly fetch manifest @babel/helper-plugin-utils@^7.27.1
162 silly packumentCache full:https://registry.npmjs.org/@babel%2fhelper-plugin-utils cache-miss
163 http fetch GET 200 https://registry.npmjs.org/convert-source-map 110ms (cache miss)
164 silly packumentCache full:https://registry.npmjs.org/convert-source-map set size:undefined disposed:false
165 silly fetch manifest @babel/helper-plugin-utils@^7.27.1
166 silly packumentCache full:https://registry.npmjs.org/@babel%2fhelper-plugin-utils cache-miss
167 http fetch GET 200 https://registry.npmjs.org/gensync 156ms (cache miss)
168 silly packumentCache full:https://registry.npmjs.org/gensync set size:undefined disposed:false
169 silly fetch manifest @babel/types@^7.20.7
170 silly packumentCache full:https://registry.npmjs.org/@babel%2ftypes cache-miss
171 http fetch GET 200 https://registry.npmjs.org/@babel%2fhelper-plugin-utils 124ms (cache miss)
172 silly packumentCache full:https://registry.npmjs.org/@babel%2fhelper-plugin-utils set size:undefined disposed:false
173 silly fetch manifest @babel/parser@^7.20.7
174 silly packumentCache full:https://registry.npmjs.org/@babel%2fparser cache-miss
175 http fetch GET 200 https://registry.npmjs.org/@babel%2ftemplate 206ms (cache miss)
176 silly packumentCache full:https://registry.npmjs.org/@babel%2ftemplate set size:undefined disposed:false
177 silly fetch manifest @types/babel__template@*
178 silly packumentCache full:https://registry.npmjs.org/@types%2fbabel__template cache-miss
179 http fetch GET 200 https://registry.npmjs.org/@babel%2ftypes 216ms (cache miss)
180 silly packumentCache full:https://registry.npmjs.org/@babel%2ftypes set size:undefined disposed:false
181 silly fetch manifest @types/babel__traverse@*
182 silly packumentCache full:https://registry.npmjs.org/@types%2fbabel__traverse cache-miss
183 http fetch GET 200 https://registry.npmjs.org/@babel%2ftraverse 237ms (cache miss)
184 silly packumentCache full:https://registry.npmjs.org/@babel%2ftraverse set size:undefined disposed:false
185 silly fetch manifest @types/babel__generator@*
186 silly packumentCache full:https://registry.npmjs.org/@types%2fbabel__generator cache-miss
187 http fetch GET 200 https://registry.npmjs.org/@babel%2fhelper-plugin-utils 130ms (cache miss)
188 silly packumentCache full:https://registry.npmjs.org/@babel%2fhelper-plugin-utils set size:undefined disposed:false
189 http fetch GET 200 https://registry.npmjs.org/@babel%2fcode-frame 246ms (cache miss)
190 silly packumentCache full:https://registry.npmjs.org/@babel%2fcode-frame set size:undefined disposed:false
191 http fetch GET 200 https://registry.npmjs.org/@babel%2ftypes 140ms (cache miss)
192 silly packumentCache full:https://registry.npmjs.org/@babel%2ftypes set size:undefined disposed:false
193 http fetch GET 200 https://registry.npmjs.org/@babel%2fparser 312ms (cache miss)
194 silly packumentCache full:https://registry.npmjs.org/@babel%2fparser set size:undefined disposed:false
195 http fetch GET 200 https://registry.npmjs.org/@types%2fbabel__template 121ms (cache miss)
196 silly packumentCache full:https://registry.npmjs.org/@types%2fbabel__template set size:undefined disposed:false
197 http fetch GET 200 https://registry.npmjs.org/@types%2fbabel__traverse 118ms (cache miss)
198 silly packumentCache full:https://registry.npmjs.org/@types%2fbabel__traverse set size:undefined disposed:false
199 http fetch GET 200 https://registry.npmjs.org/@babel%2fparser 152ms (cache miss)
200 silly packumentCache full:https://registry.npmjs.org/@babel%2fparser set size:undefined disposed:false
201 http fetch GET 200 https://registry.npmjs.org/@babel%2fhelper-compilation-targets 357ms (cache miss)
202 silly packumentCache full:https://registry.npmjs.org/@babel%2fhelper-compilation-targets set size:undefined disposed:false
203 http fetch GET 200 https://registry.npmjs.org/@babel%2fhelper-module-transforms 373ms (cache miss)
204 silly packumentCache full:https://registry.npmjs.org/@babel%2fhelper-module-transforms set size:undefined disposed:false
205 http fetch GET 200 https://registry.npmjs.org/debug 414ms (cache miss)
206 silly packumentCache full:https://registry.npmjs.org/debug set size:undefined disposed:false
207 http fetch GET 200 https://registry.npmjs.org/semver 454ms (cache miss)
208 silly packumentCache full:https://registry.npmjs.org/semver set size:undefined disposed:false
209 http fetch GET 200 https://registry.npmjs.org/@babel%2fhelpers 521ms (cache miss)
210 silly packumentCache full:https://registry.npmjs.org/@babel%2fhelpers set size:undefined disposed:false
211 http fetch GET 200 https://registry.npmjs.org/@babel%2fgenerator 557ms (cache miss)
212 silly packumentCache full:https://registry.npmjs.org/@babel%2fgenerator set size:undefined disposed:false
213 http fetch GET 200 https://registry.npmjs.org/@types%2fbabel__generator 369ms (cache miss)
214 silly packumentCache full:https://registry.npmjs.org/@types%2fbabel__generator set size:undefined disposed:false
215 http fetch GET 200 https://registry.npmjs.org/@jridgewell%2fremapping 1110ms (cache miss)
216 silly packumentCache full:https://registry.npmjs.org/@jridgewell%2fremapping set size:undefined disposed:false
217 silly fetch manifest @babel/core@^7.0.0
218 silly packumentCache full:https://registry.npmjs.org/@babel%2fcore cache-miss
219 http cache https://registry.npmjs.org/@babel%2fcore 11ms (cache hit)
220 silly packumentCache full:https://registry.npmjs.org/@babel%2fcore set size:760113 disposed:false
221 silly placeDep ROOT @babel/code-frame@7.29.0 OK for: @babel/core@7.29.0 want: ^7.29.0
222 silly placeDep ROOT @babel/generator@7.29.1 OK for: @babel/core@7.29.0 want: ^7.29.0
223 silly placeDep ROOT @babel/helper-compilation-targets@7.28.6 OK for: @babel/core@7.29.0 want: ^7.28.6
224 silly placeDep ROOT @babel/helper-module-transforms@7.28.6 OK for: @babel/core@7.29.0 want: ^7.28.6
225 silly placeDep ROOT @babel/helpers@7.29.2 OK for: @babel/core@7.29.0 want: ^7.28.6
226 silly placeDep ROOT @babel/parser@7.29.2 OK for: @babel/core@7.29.0 want: ^7.29.0
227 silly placeDep ROOT @babel/template@7.28.6 OK for: @babel/core@7.29.0 want: ^7.28.6
228 silly placeDep ROOT @babel/traverse@7.29.0 OK for: @babel/core@7.29.0 want: ^7.29.0
229 silly placeDep ROOT @babel/types@7.29.0 OK for: @babel/core@7.29.0 want: ^7.29.0
230 silly placeDep ROOT @jridgewell/remapping@2.3.5 OK for: @babel/core@7.29.0 want: ^2.3.5
231 silly placeDep ROOT convert-source-map@2.0.0 OK for: @babel/core@7.29.0 want: ^2.0.0
232 silly placeDep ROOT debug@4.4.3 OK for: @babel/core@7.29.0 want: ^4.1.0
233 silly placeDep ROOT gensync@1.0.0-beta.2 OK for: @babel/core@7.29.0 want: ^1.0.0-beta.2
234 silly placeDep ROOT json5@2.2.3 OK for: @babel/core@7.29.0 want: ^2.2.3
235 silly placeDep ROOT semver@6.3.1 OK for: @babel/core@7.29.0 want: ^6.3.1
236 silly fetch manifest js-tokens@^4.0.0
237 silly packumentCache full:https://registry.npmjs.org/js-tokens cache-miss
238 silly fetch manifest picocolors@^1.1.1
239 silly packumentCache full:https://registry.npmjs.org/picocolors cache-miss
240 silly fetch manifest @babel/helper-validator-identifier@^7.28.5
241 silly packumentCache full:https://registry.npmjs.org/@babel%2fhelper-validator-identifier cache-miss
242 silly fetch manifest jsesc@^3.0.2
243 silly packumentCache full:https://registry.npmjs.org/jsesc cache-miss
244 silly fetch manifest @jridgewell/gen-mapping@^0.3.12
245 silly packumentCache full:https://registry.npmjs.org/@jridgewell%2fgen-mapping cache-miss
246 silly fetch manifest @jridgewell/trace-mapping@^0.3.28
247 silly packumentCache full:https://registry.npmjs.org/@jridgewell%2ftrace-mapping cache-miss
248 silly fetch manifest lru-cache@^5.1.1
249 silly packumentCache full:https://registry.npmjs.org/lru-cache cache-miss
250 silly fetch manifest browserslist@^4.24.0
251 silly packumentCache full:https://registry.npmjs.org/browserslist cache-miss
252 silly fetch manifest @babel/compat-data@^7.28.6
253 silly packumentCache full:https://registry.npmjs.org/@babel%2fcompat-data cache-miss
254 silly fetch manifest @babel/helper-validator-option@^7.27.1
255 silly packumentCache full:https://registry.npmjs.org/@babel%2fhelper-validator-option cache-miss
256 silly fetch manifest @babel/traverse@^7.28.6
257 silly packumentCache full:https://registry.npmjs.org/@babel%2ftraverse cache-miss
258 silly fetch manifest @babel/helper-module-imports@^7.28.6
259 silly packumentCache full:https://registry.npmjs.org/@babel%2fhelper-module-imports cache-miss
260 silly fetch manifest @babel/helper-validator-identifier@^7.28.5
261 silly packumentCache full:https://registry.npmjs.org/@babel%2fhelper-validator-identifier cache-miss
262 silly fetch manifest @babel/types@^7.28.6
263 silly packumentCache full:https://registry.npmjs.org/@babel%2ftypes cache-miss
264 silly fetch manifest debug@^4.3.1
265 silly packumentCache full:https://registry.npmjs.org/debug cache-miss
266 http cache https://registry.npmjs.org/debug 30ms (cache hit)
267 silly packumentCache full:https://registry.npmjs.org/debug set size:195840 disposed:false
268 silly fetch manifest @babel/helper-globals@^7.28.0
269 silly packumentCache full:https://registry.npmjs.org/@babel%2fhelper-globals cache-miss
270 http cache https://registry.npmjs.org/@babel%2ftypes 39ms (cache hit)
271 silly packumentCache full:https://registry.npmjs.org/@babel%2ftypes set size:487885 disposed:false
272 silly fetch manifest @babel/helper-string-parser@^7.27.1
273 silly packumentCache full:https://registry.npmjs.org/@babel%2fhelper-string-parser cache-miss
274 http cache https://registry.npmjs.org/@babel%2ftraverse 50ms (cache hit)
275 silly packumentCache full:https://registry.npmjs.org/@babel%2ftraverse set size:548722 disposed:false
276 silly fetch manifest @babel/helper-validator-identifier@^7.28.5
277 silly packumentCache full:https://registry.npmjs.org/@babel%2fhelper-validator-identifier cache-miss
278 http fetch GET 200 https://registry.npmjs.org/picocolors 117ms (cache miss)
279 silly packumentCache full:https://registry.npmjs.org/picocolors set size:undefined disposed:false
280 silly fetch manifest @jridgewell/gen-mapping@^0.3.5
281 silly packumentCache full:https://registry.npmjs.org/@jridgewell%2fgen-mapping cache-miss
282 http fetch GET 200 https://registry.npmjs.org/jsesc 123ms (cache miss)
283 silly packumentCache full:https://registry.npmjs.org/jsesc set size:undefined disposed:false
284 silly fetch manifest @jridgewell/trace-mapping@^0.3.24
285 silly packumentCache full:https://registry.npmjs.org/@jridgewell%2ftrace-mapping cache-miss
286 http fetch GET 200 https://registry.npmjs.org/@jridgewell%2fgen-mapping 128ms (cache miss)
287 silly packumentCache full:https://registry.npmjs.org/@jridgewell%2fgen-mapping set size:undefined disposed:false
288 silly fetch manifest ms@^2.1.3
289 silly packumentCache full:https://registry.npmjs.org/ms cache-miss
290 http fetch GET 200 https://registry.npmjs.org/@babel%2fhelper-validator-option 133ms (cache miss)
291 silly packumentCache full:https://registry.npmjs.org/@babel%2fhelper-validator-option set size:undefined disposed:false
292 http fetch GET 200 https://registry.npmjs.org/@babel%2fhelper-validator-identifier 141ms (cache miss)
293 silly packumentCache full:https://registry.npmjs.org/@babel%2fhelper-validator-identifier set size:undefined disposed:false
294 http fetch GET 200 https://registry.npmjs.org/@babel%2fhelper-validator-identifier 137ms (cache miss)
295 silly packumentCache full:https://registry.npmjs.org/@babel%2fhelper-validator-identifier set size:undefined disposed:false
296 http fetch GET 200 https://registry.npmjs.org/js-tokens 147ms (cache miss)
297 silly packumentCache full:https://registry.npmjs.org/js-tokens set size:undefined disposed:false
298 http fetch GET 200 https://registry.npmjs.org/@babel%2fhelper-module-imports 148ms (cache miss)
299 silly packumentCache full:https://registry.npmjs.org/@babel%2fhelper-module-imports set size:undefined disposed:false
300 http fetch GET 200 https://registry.npmjs.org/@babel%2fhelper-globals 113ms (cache miss)
301 silly packumentCache full:https://registry.npmjs.org/@babel%2fhelper-globals set size:undefined disposed:false
302 http cache https://registry.npmjs.org/@jridgewell%2fgen-mapping 41ms (cache hit)
303 silly packumentCache full:https://registry.npmjs.org/@jridgewell%2fgen-mapping set size:80719 disposed:false
304 http fetch GET 200 https://registry.npmjs.org/@jridgewell%2ftrace-mapping 160ms (cache miss)
305 silly packumentCache full:https://registry.npmjs.org/@jridgewell%2ftrace-mapping set size:undefined disposed:false
306 http fetch GET 200 https://registry.npmjs.org/@babel%2fcompat-data 162ms (cache miss)
307 silly packumentCache full:https://registry.npmjs.org/@babel%2fcompat-data set size:undefined disposed:false
308 http fetch GET 200 https://registry.npmjs.org/@babel%2fhelper-string-parser 118ms (cache miss)
309 silly packumentCache full:https://registry.npmjs.org/@babel%2fhelper-string-parser set size:undefined disposed:false
310 http fetch GET 200 https://registry.npmjs.org/@babel%2fhelper-validator-identifier 113ms (cache miss)
311 silly packumentCache full:https://registry.npmjs.org/@babel%2fhelper-validator-identifier set size:undefined disposed:false
312 http fetch GET 200 https://registry.npmjs.org/browserslist 172ms (cache miss)
313 silly packumentCache full:https://registry.npmjs.org/browserslist set size:undefined disposed:false
314 http fetch GET 200 https://registry.npmjs.org/ms 71ms (cache miss)
315 silly packumentCache full:https://registry.npmjs.org/ms set size:undefined disposed:false
316 http fetch GET 200 https://registry.npmjs.org/@jridgewell%2ftrace-mapping 82ms (cache miss)
317 silly packumentCache full:https://registry.npmjs.org/@jridgewell%2ftrace-mapping set size:undefined disposed:false
318 http fetch GET 200 https://registry.npmjs.org/lru-cache 413ms (cache miss)
319 silly packumentCache full:https://registry.npmjs.org/lru-cache set size:undefined disposed:false
320 silly placeDep ROOT @babel/helper-validator-identifier@7.28.5 OK for: @babel/code-frame@7.29.0 want: ^7.28.5
321 silly placeDep ROOT js-tokens@4.0.0 OK for: @babel/code-frame@7.29.0 want: ^4.0.0
322 silly placeDep ROOT picocolors@1.1.1 OK for: @babel/code-frame@7.29.0 want: ^1.1.1
323 silly placeDep ROOT @jridgewell/gen-mapping@0.3.13 OK for: @babel/generator@7.29.1 want: ^0.3.12
324 silly placeDep ROOT @jridgewell/trace-mapping@0.3.31 OK for: @babel/generator@7.29.1 want: ^0.3.28
325 silly placeDep ROOT jsesc@3.1.0 OK for: @babel/generator@7.29.1 want: ^3.0.2
326 silly fetch manifest @jridgewell/sourcemap-codec@^1.5.0
327 silly packumentCache full:https://registry.npmjs.org/@jridgewell%2fsourcemap-codec cache-miss
328 silly fetch manifest @jridgewell/resolve-uri@^3.1.0
329 silly packumentCache full:https://registry.npmjs.org/@jridgewell%2fresolve-uri cache-miss
330 silly fetch manifest @jridgewell/sourcemap-codec@^1.4.14
331 silly packumentCache full:https://registry.npmjs.org/@jridgewell%2fsourcemap-codec cache-miss
332 http fetch GET 200 https://registry.npmjs.org/@jridgewell%2fresolve-uri 73ms (cache miss)
333 silly packumentCache full:https://registry.npmjs.org/@jridgewell%2fresolve-uri set size:undefined disposed:false
334 http fetch GET 200 https://registry.npmjs.org/@jridgewell%2fsourcemap-codec 76ms (cache miss)
335 silly packumentCache full:https://registry.npmjs.org/@jridgewell%2fsourcemap-codec set size:undefined disposed:false
336 http fetch GET 200 https://registry.npmjs.org/@jridgewell%2fsourcemap-codec 79ms (cache miss)
337 silly packumentCache full:https://registry.npmjs.org/@jridgewell%2fsourcemap-codec set size:undefined disposed:false
338 silly placeDep ROOT @babel/compat-data@7.29.0 OK for: @babel/helper-compilation-targets@7.28.6 want: ^7.28.6
339 silly placeDep ROOT @babel/helper-validator-option@7.27.1 OK for: @babel/helper-compilation-targets@7.28.6 want: ^7.27.1
340 silly placeDep ROOT browserslist@4.28.2 OK for: @babel/helper-compilation-targets@7.28.6 want: ^4.24.0
341 silly placeDep ROOT lru-cache@5.1.1 OK for: @babel/helper-compilation-targets@7.28.6 want: ^5.1.1
342 silly fetch manifest baseline-browser-mapping@^2.10.12
343 silly packumentCache full:https://registry.npmjs.org/baseline-browser-mapping cache-miss
344 silly fetch manifest caniuse-lite@^1.0.30001782
345 silly packumentCache full:https://registry.npmjs.org/caniuse-lite cache-miss
346 silly fetch manifest electron-to-chromium@^1.5.328
347 silly packumentCache full:https://registry.npmjs.org/electron-to-chromium cache-miss
348 silly fetch manifest node-releases@^2.0.36
349 silly packumentCache full:https://registry.npmjs.org/node-releases cache-miss
350 silly fetch manifest update-browserslist-db@^1.2.3
351 silly packumentCache full:https://registry.npmjs.org/update-browserslist-db cache-miss
352 silly fetch manifest yallist@^3.0.2
353 silly packumentCache full:https://registry.npmjs.org/yallist cache-miss
354 http fetch GET 200 https://registry.npmjs.org/baseline-browser-mapping 76ms (cache miss)
355 silly packumentCache full:https://registry.npmjs.org/baseline-browser-mapping set size:undefined disposed:false
356 http fetch GET 200 https://registry.npmjs.org/node-releases 88ms (cache miss)
357 silly packumentCache full:https://registry.npmjs.org/node-releases set size:undefined disposed:false
358 http fetch GET 200 https://registry.npmjs.org/yallist 107ms (cache miss)
359 silly packumentCache full:https://registry.npmjs.org/yallist set size:undefined disposed:false
360 http fetch GET 200 https://registry.npmjs.org/update-browserslist-db 383ms (cache miss)
361 silly packumentCache full:https://registry.npmjs.org/update-browserslist-db set size:undefined disposed:false
362 http fetch GET 200 https://registry.npmjs.org/electron-to-chromium 470ms (cache miss)
363 silly packumentCache full:https://registry.npmjs.org/electron-to-chromium set size:undefined disposed:false
364 http fetch GET 200 https://registry.npmjs.org/caniuse-lite 2201ms (cache miss)
365 silly packumentCache full:https://registry.npmjs.org/caniuse-lite set size:undefined disposed:false
366 silly placeDep ROOT @babel/helper-module-imports@7.28.6 OK for: @babel/helper-module-transforms@7.28.6 want: ^7.28.6
367 silly placeDep ROOT @babel/helper-plugin-utils@7.28.6 OK for: @babel/plugin-transform-react-jsx-self@7.27.1 want: ^7.27.1
368 silly placeDep ROOT @babel/helper-globals@7.28.0 OK for: @babel/traverse@7.29.0 want: ^7.28.0
369 silly placeDep ROOT @babel/helper-string-parser@7.27.1 OK for: @babel/types@7.29.0 want: ^7.27.1
370 silly placeDep ROOT @jridgewell/sourcemap-codec@1.5.5 OK for: @jridgewell/gen-mapping@0.3.13 want: ^1.5.0
371 silly placeDep ROOT @jridgewell/resolve-uri@3.1.2 OK for: @jridgewell/trace-mapping@0.3.31 want: ^3.1.0
372 silly placeDep ROOT @types/babel__generator@7.27.0 OK for: @types/babel__core@7.20.5 want: *
373 silly placeDep ROOT @types/babel__template@7.4.4 OK for: @types/babel__core@7.20.5 want: *
374 silly placeDep ROOT @types/babel__traverse@7.28.0 OK for: @types/babel__core@7.20.5 want: *
375 silly fetch manifest browserslist@>= 4.21.0
376 silly packumentCache full:https://registry.npmjs.org/browserslist cache-miss
377 http cache https://registry.npmjs.org/browserslist 7ms (cache hit)
378 silly packumentCache full:https://registry.npmjs.org/browserslist set size:504681 disposed:false
379 silly placeDep ROOT baseline-browser-mapping@2.10.23 OK for: browserslist@4.28.2 want: ^2.10.12
380 silly placeDep ROOT caniuse-lite@1.0.30001791 OK for: browserslist@4.28.2 want: ^1.0.30001782
381 silly placeDep ROOT electron-to-chromium@1.5.344 OK for: browserslist@4.28.2 want: ^1.5.328
382 silly placeDep ROOT node-releases@2.0.38 OK for: browserslist@4.28.2 want: ^2.0.36
383 silly placeDep ROOT update-browserslist-db@1.2.3 OK for: browserslist@4.28.2 want: ^1.2.3
384 silly fetch manifest escalade@^3.2.0
385 silly packumentCache full:https://registry.npmjs.org/escalade cache-miss
386 http fetch GET 200 https://registry.npmjs.org/escalade 65ms (cache miss)
387 silly packumentCache full:https://registry.npmjs.org/escalade set size:undefined disposed:false
388 silly placeDep ROOT ms@2.1.3 OK for: debug@4.4.3 want: ^2.1.3
389 silly placeDep ROOT yallist@3.1.1 OK for: lru-cache@5.1.1 want: ^3.0.2
390 silly placeDep ROOT loose-envify@1.4.0 OK for: react@18.3.1 want: ^1.1.0
391 silly placeDep ROOT scheduler@0.23.2 OK for: react-dom@18.3.1 want: ^0.23.2
392 silly placeDep ROOT escalade@3.2.0 OK for: update-browserslist-db@1.2.3 want: ^3.2.0
393 silly placeDep ROOT esbuild@0.21.5 OK for: vite@5.4.21 want: ^0.21.3
394 silly placeDep ROOT fsevents@2.3.3 OK for: vite@5.4.21 want: ~2.3.3
395 silly placeDep ROOT postcss@8.5.12 OK for: vite@5.4.21 want: ^8.4.43
396 silly placeDep ROOT rollup@4.60.2 OK for: vite@5.4.21 want: ^4.20.0
397 silly fetch manifest @esbuild/aix-ppc64@0.21.5
398 silly packumentCache full:https://registry.npmjs.org/@esbuild%2faix-ppc64 cache-miss
399 silly fetch manifest @esbuild/linux-arm@0.21.5
400 silly packumentCache full:https://registry.npmjs.org/@esbuild%2flinux-arm cache-miss
401 silly fetch manifest @esbuild/linux-x64@0.21.5
402 silly packumentCache full:https://registry.npmjs.org/@esbuild%2flinux-x64 cache-miss
403 silly fetch manifest @esbuild/sunos-x64@0.21.5
404 silly packumentCache full:https://registry.npmjs.org/@esbuild%2fsunos-x64 cache-miss
405 silly fetch manifest @esbuild/win32-x64@0.21.5
406 silly packumentCache full:https://registry.npmjs.org/@esbuild%2fwin32-x64 cache-miss
407 silly fetch manifest @esbuild/darwin-x64@0.21.5
408 silly packumentCache full:https://registry.npmjs.org/@esbuild%2fdarwin-x64 cache-miss
409 silly fetch manifest @esbuild/linux-ia32@0.21.5
410 silly packumentCache full:https://registry.npmjs.org/@esbuild%2flinux-ia32 cache-miss
411 silly fetch manifest @esbuild/netbsd-x64@0.21.5
412 silly packumentCache full:https://registry.npmjs.org/@esbuild%2fnetbsd-x64 cache-miss
413 silly fetch manifest @esbuild/win32-ia32@0.21.5
414 silly packumentCache full:https://registry.npmjs.org/@esbuild%2fwin32-ia32 cache-miss
415 silly fetch manifest @esbuild/android-arm@0.21.5
416 silly packumentCache full:https://registry.npmjs.org/@esbuild%2fandroid-arm cache-miss
417 silly fetch manifest @esbuild/android-x64@0.21.5
418 silly packumentCache full:https://registry.npmjs.org/@esbuild%2fandroid-x64 cache-miss
419 silly fetch manifest @esbuild/freebsd-x64@0.21.5
420 silly packumentCache full:https://registry.npmjs.org/@esbuild%2ffreebsd-x64 cache-miss
421 silly fetch manifest @esbuild/linux-arm64@0.21.5
422 silly packumentCache full:https://registry.npmjs.org/@esbuild%2flinux-arm64 cache-miss
423 silly fetch manifest @esbuild/linux-ppc64@0.21.5
424 silly packumentCache full:https://registry.npmjs.org/@esbuild%2flinux-ppc64 cache-miss
425 silly fetch manifest @esbuild/linux-s390x@0.21.5
426 silly packumentCache full:https://registry.npmjs.org/@esbuild%2flinux-s390x cache-miss
427 http fetch GET 200 https://registry.npmjs.org/@esbuild%2fwin32-x64 100ms (cache miss)
428 silly packumentCache full:https://registry.npmjs.org/@esbuild%2fwin32-x64 set size:undefined disposed:false
429 silly fetch manifest @esbuild/openbsd-x64@0.21.5
430 silly packumentCache full:https://registry.npmjs.org/@esbuild%2fopenbsd-x64 cache-miss
431 http fetch GET 200 https://registry.npmjs.org/@esbuild%2fdarwin-x64 127ms (cache miss)
432 silly packumentCache full:https://registry.npmjs.org/@esbuild%2fdarwin-x64 set size:undefined disposed:false
433 silly fetch manifest @esbuild/win32-arm64@0.21.5
434 silly packumentCache full:https://registry.npmjs.org/@esbuild%2fwin32-arm64 cache-miss
435 http fetch GET 200 https://registry.npmjs.org/@esbuild%2fwin32-ia32 152ms (cache miss)
436 silly packumentCache full:https://registry.npmjs.org/@esbuild%2fwin32-ia32 set size:undefined disposed:false
437 silly fetch manifest @esbuild/darwin-arm64@0.21.5
438 silly packumentCache full:https://registry.npmjs.org/@esbuild%2fdarwin-arm64 cache-miss
439 http fetch GET 200 https://registry.npmjs.org/@esbuild%2flinux-arm64 156ms (cache miss)
440 silly packumentCache full:https://registry.npmjs.org/@esbuild%2flinux-arm64 set size:undefined disposed:false
441 silly fetch manifest @esbuild/android-arm64@0.21.5
442 silly packumentCache full:https://registry.npmjs.org/@esbuild%2fandroid-arm64 cache-miss
443 http fetch GET 200 https://registry.npmjs.org/@esbuild%2faix-ppc64 168ms (cache miss)
444 silly packumentCache full:https://registry.npmjs.org/@esbuild%2faix-ppc64 set size:undefined disposed:false
445 silly fetch manifest @esbuild/freebsd-arm64@0.21.5
446 silly packumentCache full:https://registry.npmjs.org/@esbuild%2ffreebsd-arm64 cache-miss
447 http fetch GET 200 https://registry.npmjs.org/@esbuild%2fnetbsd-x64 169ms (cache miss)
448 silly packumentCache full:https://registry.npmjs.org/@esbuild%2fnetbsd-x64 set size:undefined disposed:false
449 silly fetch manifest @esbuild/linux-loong64@0.21.5
450 silly packumentCache full:https://registry.npmjs.org/@esbuild%2flinux-loong64 cache-miss
451 http fetch GET 200 https://registry.npmjs.org/@esbuild%2ffreebsd-x64 181ms (cache miss)
452 silly packumentCache full:https://registry.npmjs.org/@esbuild%2ffreebsd-x64 set size:undefined disposed:false
453 silly fetch manifest @esbuild/linux-riscv64@0.21.5
454 silly packumentCache full:https://registry.npmjs.org/@esbuild%2flinux-riscv64 cache-miss
455 http fetch GET 200 https://registry.npmjs.org/@esbuild%2flinux-x64 188ms (cache miss)
456 silly packumentCache full:https://registry.npmjs.org/@esbuild%2flinux-x64 set size:undefined disposed:false
457 silly fetch manifest @esbuild/linux-mips64el@0.21.5
458 silly packumentCache full:https://registry.npmjs.org/@esbuild%2flinux-mips64el cache-miss
459 http fetch GET 200 https://registry.npmjs.org/@esbuild%2flinux-s390x 189ms (cache miss)
460 silly packumentCache full:https://registry.npmjs.org/@esbuild%2flinux-s390x set size:undefined disposed:false
461 silly fetch manifest nanoid@^3.3.11
462 silly packumentCache full:https://registry.npmjs.org/nanoid cache-miss
463 http fetch GET 200 https://registry.npmjs.org/@esbuild%2fwin32-arm64 120ms (cache miss)
464 silly packumentCache full:https://registry.npmjs.org/@esbuild%2fwin32-arm64 set size:undefined disposed:false
465 silly fetch manifest source-map-js@^1.2.1
466 silly packumentCache full:https://registry.npmjs.org/source-map-js cache-miss
467 http fetch GET 200 https://registry.npmjs.org/@esbuild%2flinux-ppc64 278ms (cache miss)
468 silly packumentCache full:https://registry.npmjs.org/@esbuild%2flinux-ppc64 set size:undefined disposed:false
469 silly fetch manifest @types/estree@1.0.8
470 silly packumentCache full:https://registry.npmjs.org/@types%2festree cache-miss
471 http fetch GET 200 https://registry.npmjs.org/@esbuild%2fandroid-arm64 145ms (cache miss)
472 silly packumentCache full:https://registry.npmjs.org/@esbuild%2fandroid-arm64 set size:undefined disposed:false
473 silly fetch manifest @rollup/rollup-darwin-arm64@4.60.2
474 silly packumentCache full:https://registry.npmjs.org/@rollup%2frollup-darwin-arm64 cache-miss
475 http fetch GET 200 https://registry.npmjs.org/@esbuild%2flinux-riscv64 138ms (cache miss)
476 silly packumentCache full:https://registry.npmjs.org/@esbuild%2flinux-riscv64 set size:undefined disposed:false
477 silly fetch manifest @rollup/rollup-android-arm64@4.60.2
478 silly packumentCache full:https://registry.npmjs.org/@rollup%2frollup-android-arm64 cache-miss
479 http fetch GET 200 https://registry.npmjs.org/@esbuild%2ffreebsd-arm64 171ms (cache miss)
480 silly packumentCache full:https://registry.npmjs.org/@esbuild%2ffreebsd-arm64 set size:undefined disposed:false
481 silly fetch manifest @rollup/rollup-win32-arm64-msvc@4.60.2
482 silly packumentCache full:https://registry.npmjs.org/@rollup%2frollup-win32-arm64-msvc cache-miss
483 http fetch GET 200 https://registry.npmjs.org/@esbuild%2fdarwin-arm64 195ms (cache miss)
484 silly packumentCache full:https://registry.npmjs.org/@esbuild%2fdarwin-arm64 set size:undefined disposed:false
485 silly fetch manifest @rollup/rollup-freebsd-arm64@4.60.2
486 silly packumentCache full:https://registry.npmjs.org/@rollup%2frollup-freebsd-arm64 cache-miss
487 http fetch GET 200 https://registry.npmjs.org/@esbuild%2flinux-mips64el 167ms (cache miss)
488 silly packumentCache full:https://registry.npmjs.org/@esbuild%2flinux-mips64el set size:undefined disposed:false
489 silly fetch manifest @rollup/rollup-linux-arm64-gnu@4.60.2
490 silly packumentCache full:https://registry.npmjs.org/@rollup%2frollup-linux-arm64-gnu cache-miss
491 http fetch GET 200 https://registry.npmjs.org/source-map-js 129ms (cache miss)
492 silly packumentCache full:https://registry.npmjs.org/source-map-js set size:undefined disposed:false
493 silly fetch manifest @rollup/rollup-linux-arm64-musl@4.60.2
494 silly packumentCache full:https://registry.npmjs.org/@rollup%2frollup-linux-arm64-musl cache-miss
495 http fetch GET 200 https://registry.npmjs.org/@esbuild%2flinux-ia32 403ms (cache miss)
496 silly packumentCache full:https://registry.npmjs.org/@esbuild%2flinux-ia32 set size:undefined disposed:false
497 silly fetch manifest @rollup/rollup-android-arm-eabi@4.60.2
498 silly packumentCache full:https://registry.npmjs.org/@rollup%2frollup-android-arm-eabi cache-miss
499 http fetch GET 200 https://registry.npmjs.org/nanoid 218ms (cache miss)
500 silly packumentCache full:https://registry.npmjs.org/nanoid set size:undefined disposed:false
501 silly fetch manifest @rollup/rollup-linux-arm-gnueabihf@4.60.2
502 silly packumentCache full:https://registry.npmjs.org/@rollup%2frollup-linux-arm-gnueabihf cache-miss
503 http fetch GET 200 https://registry.npmjs.org/@esbuild%2fsunos-x64 442ms (cache miss)
504 silly packumentCache full:https://registry.npmjs.org/@esbuild%2fsunos-x64 set size:undefined disposed:false
505 silly fetch manifest @rollup/rollup-linux-arm-musleabihf@4.60.2
506 silly packumentCache full:https://registry.npmjs.org/@rollup%2frollup-linux-arm-musleabihf cache-miss
507 http fetch GET 200 https://registry.npmjs.org/@types%2festree 193ms (cache miss)
508 silly packumentCache full:https://registry.npmjs.org/@types%2festree set size:undefined disposed:false
509 silly fetch manifest @rollup/rollup-win32-ia32-msvc@4.60.2
510 silly packumentCache full:https://registry.npmjs.org/@rollup%2frollup-win32-ia32-msvc cache-miss
511 http fetch GET 200 https://registry.npmjs.org/@esbuild%2fandroid-arm 480ms (cache miss)
512 silly packumentCache full:https://registry.npmjs.org/@esbuild%2fandroid-arm set size:undefined disposed:false
513 silly fetch manifest @rollup/rollup-linux-loong64-gnu@4.60.2
514 silly packumentCache full:https://registry.npmjs.org/@rollup%2frollup-linux-loong64-gnu cache-miss
515 http fetch GET 200 https://registry.npmjs.org/@esbuild%2fandroid-x64 491ms (cache miss)
516 silly packumentCache full:https://registry.npmjs.org/@esbuild%2fandroid-x64 set size:undefined disposed:false
517 silly fetch manifest @rollup/rollup-linux-loong64-musl@4.60.2
518 silly packumentCache full:https://registry.npmjs.org/@rollup%2frollup-linux-loong64-musl cache-miss
519 http fetch GET 200 https://registry.npmjs.org/@rollup%2frollup-android-arm64 237ms (cache miss)
520 silly packumentCache full:https://registry.npmjs.org/@rollup%2frollup-android-arm64 set size:undefined disposed:false
521 silly fetch manifest @rollup/rollup-linux-riscv64-gnu@4.60.2
522 silly packumentCache full:https://registry.npmjs.org/@rollup%2frollup-linux-riscv64-gnu cache-miss
523 http fetch GET 200 https://registry.npmjs.org/@rollup%2frollup-win32-arm64-msvc 240ms (cache miss)
524 silly packumentCache full:https://registry.npmjs.org/@rollup%2frollup-win32-arm64-msvc set size:undefined disposed:false
525 silly fetch manifest @rollup/rollup-linux-riscv64-musl@4.60.2
526 silly packumentCache full:https://registry.npmjs.org/@rollup%2frollup-linux-riscv64-musl cache-miss
527 http fetch GET 200 https://registry.npmjs.org/@esbuild%2flinux-loong64 443ms (cache miss)
528 silly packumentCache full:https://registry.npmjs.org/@esbuild%2flinux-loong64 set size:undefined disposed:false
529 silly fetch manifest @rollup/rollup-linux-ppc64-gnu@4.60.2
530 silly packumentCache full:https://registry.npmjs.org/@rollup%2frollup-linux-ppc64-gnu cache-miss
531 http fetch GET 200 https://registry.npmjs.org/@rollup%2frollup-linux-arm-musleabihf 208ms (cache miss)
532 silly packumentCache full:https://registry.npmjs.org/@rollup%2frollup-linux-arm-musleabihf set size:undefined disposed:false
533 silly fetch manifest @rollup/rollup-linux-ppc64-musl@4.60.2
534 silly packumentCache full:https://registry.npmjs.org/@rollup%2frollup-linux-ppc64-musl cache-miss
535 http fetch GET 200 https://registry.npmjs.org/@rollup%2frollup-win32-ia32-msvc 227ms (cache miss)
536 silly packumentCache full:https://registry.npmjs.org/@rollup%2frollup-win32-ia32-msvc set size:undefined disposed:false
537 silly fetch manifest @rollup/rollup-linux-s390x-gnu@4.60.2
538 silly packumentCache full:https://registry.npmjs.org/@rollup%2frollup-linux-s390x-gnu cache-miss
539 http fetch GET 200 https://registry.npmjs.org/@rollup%2frollup-linux-arm64-gnu 398ms (cache miss)
540 silly packumentCache full:https://registry.npmjs.org/@rollup%2frollup-linux-arm64-gnu set size:undefined disposed:false
541 silly fetch manifest @rollup/rollup-darwin-x64@4.60.2
542 silly packumentCache full:https://registry.npmjs.org/@rollup%2frollup-darwin-x64 cache-miss
543 http fetch GET 200 https://registry.npmjs.org/@rollup%2frollup-linux-riscv64-gnu 213ms (cache miss)
544 silly packumentCache full:https://registry.npmjs.org/@rollup%2frollup-linux-riscv64-gnu set size:undefined disposed:false
545 silly fetch manifest @rollup/rollup-win32-x64-gnu@4.60.2
546 silly packumentCache full:https://registry.npmjs.org/@rollup%2frollup-win32-x64-gnu cache-miss
547 http fetch GET 200 https://registry.npmjs.org/@rollup%2frollup-linux-arm-gnueabihf 375ms (cache miss)
548 silly packumentCache full:https://registry.npmjs.org/@rollup%2frollup-linux-arm-gnueabihf set size:undefined disposed:false
549 silly fetch manifest @rollup/rollup-win32-x64-msvc@4.60.2
550 silly packumentCache full:https://registry.npmjs.org/@rollup%2frollup-win32-x64-msvc cache-miss
551 http fetch GET 200 https://registry.npmjs.org/@rollup%2frollup-linux-arm64-musl 421ms (cache miss)
552 silly packumentCache full:https://registry.npmjs.org/@rollup%2frollup-linux-arm64-musl set size:undefined disposed:false
553 silly fetch manifest @rollup/rollup-freebsd-x64@4.60.2
554 silly packumentCache full:https://registry.npmjs.org/@rollup%2frollup-freebsd-x64 cache-miss
555 http fetch GET 200 https://registry.npmjs.org/@rollup%2frollup-darwin-arm64 501ms (cache miss)
556 silly packumentCache full:https://registry.npmjs.org/@rollup%2frollup-darwin-arm64 set size:undefined disposed:false
557 silly fetch manifest @rollup/rollup-linux-x64-gnu@4.60.2
558 silly packumentCache full:https://registry.npmjs.org/@rollup%2frollup-linux-x64-gnu cache-miss
559 http fetch GET 200 https://registry.npmjs.org/@rollup%2frollup-freebsd-arm64 522ms (cache miss)
560 silly packumentCache full:https://registry.npmjs.org/@rollup%2frollup-freebsd-arm64 set size:undefined disposed:false
561 silly fetch manifest @rollup/rollup-linux-x64-musl@4.60.2
562 silly packumentCache full:https://registry.npmjs.org/@rollup%2frollup-linux-x64-musl cache-miss
563 http fetch GET 200 https://registry.npmjs.org/@rollup%2frollup-linux-s390x-gnu 210ms (cache miss)
564 silly packumentCache full:https://registry.npmjs.org/@rollup%2frollup-linux-s390x-gnu set size:undefined disposed:false
565 silly fetch manifest @rollup/rollup-openbsd-x64@4.60.2
566 silly packumentCache full:https://registry.npmjs.org/@rollup%2frollup-openbsd-x64 cache-miss
567 http fetch GET 200 https://registry.npmjs.org/@rollup%2frollup-linux-riscv64-musl 355ms (cache miss)
568 silly packumentCache full:https://registry.npmjs.org/@rollup%2frollup-linux-riscv64-musl set size:undefined disposed:false
569 silly fetch manifest @rollup/rollup-openharmony-arm64@4.60.2
570 silly packumentCache full:https://registry.npmjs.org/@rollup%2frollup-openharmony-arm64 cache-miss
571 http fetch GET 200 https://registry.npmjs.org/@rollup%2frollup-win32-x64-gnu 160ms (cache miss)
572 silly packumentCache full:https://registry.npmjs.org/@rollup%2frollup-win32-x64-gnu set size:undefined disposed:false
573 http fetch GET 200 https://registry.npmjs.org/@rollup%2frollup-linux-loong64-musl 463ms (cache miss)
574 silly packumentCache full:https://registry.npmjs.org/@rollup%2frollup-linux-loong64-musl set size:undefined disposed:false
575 http fetch GET 200 https://registry.npmjs.org/@rollup%2frollup-linux-x64-gnu 149ms (cache miss)
576 silly packumentCache full:https://registry.npmjs.org/@rollup%2frollup-linux-x64-gnu set size:undefined disposed:false
577 http fetch GET 200 https://registry.npmjs.org/@rollup%2frollup-linux-loong64-gnu 524ms (cache miss)
578 silly packumentCache full:https://registry.npmjs.org/@rollup%2frollup-linux-loong64-gnu set size:undefined disposed:false
579 http fetch GET 200 https://registry.npmjs.org/@rollup%2frollup-linux-ppc64-musl 357ms (cache miss)
580 silly packumentCache full:https://registry.npmjs.org/@rollup%2frollup-linux-ppc64-musl set size:undefined disposed:false
581 http fetch GET 200 https://registry.npmjs.org/@rollup%2frollup-win32-x64-msvc 260ms (cache miss)
582 silly packumentCache full:https://registry.npmjs.org/@rollup%2frollup-win32-x64-msvc set size:undefined disposed:false
583 http fetch GET 200 https://registry.npmjs.org/@esbuild%2fopenbsd-x64 979ms (cache miss)
584 silly packumentCache full:https://registry.npmjs.org/@esbuild%2fopenbsd-x64 set size:undefined disposed:false
585 http fetch GET 200 https://registry.npmjs.org/@rollup%2frollup-android-arm-eabi 691ms (cache miss)
586 silly packumentCache full:https://registry.npmjs.org/@rollup%2frollup-android-arm-eabi set size:undefined disposed:false
587 http fetch GET 200 https://registry.npmjs.org/@esbuild%2flinux-arm 1169ms (cache miss)
588 silly packumentCache full:https://registry.npmjs.org/@esbuild%2flinux-arm set size:undefined disposed:false
589 http fetch GET 200 https://registry.npmjs.org/@rollup%2frollup-linux-ppc64-gnu 601ms (cache miss)
590 silly packumentCache full:https://registry.npmjs.org/@rollup%2frollup-linux-ppc64-gnu set size:undefined disposed:false
591 http fetch GET 200 https://registry.npmjs.org/@rollup%2frollup-darwin-x64 496ms (cache miss)
592 silly packumentCache full:https://registry.npmjs.org/@rollup%2frollup-darwin-x64 set size:undefined disposed:false
593 http fetch GET 200 https://registry.npmjs.org/@rollup%2frollup-openbsd-x64 445ms (cache miss)
594 silly packumentCache full:https://registry.npmjs.org/@rollup%2frollup-openbsd-x64 set size:undefined disposed:false
595 http fetch GET 200 https://registry.npmjs.org/@rollup%2frollup-openharmony-arm64 455ms (cache miss)
596 silly packumentCache full:https://registry.npmjs.org/@rollup%2frollup-openharmony-arm64 set size:undefined disposed:false
597 http fetch GET 200 https://registry.npmjs.org/@rollup%2frollup-freebsd-x64 632ms (cache miss)
598 silly packumentCache full:https://registry.npmjs.org/@rollup%2frollup-freebsd-x64 set size:undefined disposed:false
599 http fetch GET 200 https://registry.npmjs.org/@rollup%2frollup-linux-x64-musl 999ms (cache miss)
600 silly packumentCache full:https://registry.npmjs.org/@rollup%2frollup-linux-x64-musl set size:undefined disposed:false
601 silly placeDep ROOT @esbuild/aix-ppc64@0.21.5 OK for: esbuild@0.21.5 want: 0.21.5
602 silly placeDep ROOT @esbuild/android-arm@0.21.5 OK for: esbuild@0.21.5 want: 0.21.5
603 silly placeDep ROOT @esbuild/android-arm64@0.21.5 OK for: esbuild@0.21.5 want: 0.21.5
604 silly placeDep ROOT @esbuild/android-x64@0.21.5 OK for: esbuild@0.21.5 want: 0.21.5
605 silly placeDep ROOT @esbuild/darwin-arm64@0.21.5 OK for: esbuild@0.21.5 want: 0.21.5
606 silly placeDep ROOT @esbuild/darwin-x64@0.21.5 OK for: esbuild@0.21.5 want: 0.21.5
607 silly placeDep ROOT @esbuild/freebsd-arm64@0.21.5 OK for: esbuild@0.21.5 want: 0.21.5
608 silly placeDep ROOT @esbuild/freebsd-x64@0.21.5 OK for: esbuild@0.21.5 want: 0.21.5
609 silly placeDep ROOT @esbuild/linux-arm@0.21.5 OK for: esbuild@0.21.5 want: 0.21.5
610 silly placeDep ROOT @esbuild/linux-arm64@0.21.5 OK for: esbuild@0.21.5 want: 0.21.5
611 silly placeDep ROOT @esbuild/linux-ia32@0.21.5 OK for: esbuild@0.21.5 want: 0.21.5
612 silly placeDep ROOT @esbuild/linux-loong64@0.21.5 OK for: esbuild@0.21.5 want: 0.21.5
613 silly placeDep ROOT @esbuild/linux-mips64el@0.21.5 OK for: esbuild@0.21.5 want: 0.21.5
614 silly placeDep ROOT @esbuild/linux-ppc64@0.21.5 OK for: esbuild@0.21.5 want: 0.21.5
615 silly placeDep ROOT @esbuild/linux-riscv64@0.21.5 OK for: esbuild@0.21.5 want: 0.21.5
616 silly placeDep ROOT @esbuild/linux-s390x@0.21.5 OK for: esbuild@0.21.5 want: 0.21.5
617 silly placeDep ROOT @esbuild/linux-x64@0.21.5 OK for: esbuild@0.21.5 want: 0.21.5
618 silly placeDep ROOT @esbuild/netbsd-x64@0.21.5 OK for: esbuild@0.21.5 want: 0.21.5
619 silly placeDep ROOT @esbuild/openbsd-x64@0.21.5 OK for: esbuild@0.21.5 want: 0.21.5
620 silly placeDep ROOT @esbuild/sunos-x64@0.21.5 OK for: esbuild@0.21.5 want: 0.21.5
621 silly placeDep ROOT @esbuild/win32-arm64@0.21.5 OK for: esbuild@0.21.5 want: 0.21.5
622 silly placeDep ROOT @esbuild/win32-ia32@0.21.5 OK for: esbuild@0.21.5 want: 0.21.5
623 silly placeDep ROOT @esbuild/win32-x64@0.21.5 OK for: esbuild@0.21.5 want: 0.21.5
624 silly placeDep ROOT nanoid@3.3.11 OK for: postcss@8.5.12 want: ^3.3.11
625 silly placeDep ROOT source-map-js@1.2.1 OK for: postcss@8.5.12 want: ^1.2.1
626 silly placeDep ROOT @rollup/rollup-android-arm-eabi@4.60.2 OK for: rollup@4.60.2 want: 4.60.2
627 silly placeDep ROOT @rollup/rollup-android-arm64@4.60.2 OK for: rollup@4.60.2 want: 4.60.2
628 silly placeDep ROOT @rollup/rollup-darwin-arm64@4.60.2 OK for: rollup@4.60.2 want: 4.60.2
629 silly placeDep ROOT @rollup/rollup-darwin-x64@4.60.2 OK for: rollup@4.60.2 want: 4.60.2
630 silly placeDep ROOT @rollup/rollup-freebsd-arm64@4.60.2 OK for: rollup@4.60.2 want: 4.60.2
631 silly placeDep ROOT @rollup/rollup-freebsd-x64@4.60.2 OK for: rollup@4.60.2 want: 4.60.2
632 silly placeDep ROOT @rollup/rollup-linux-arm-gnueabihf@4.60.2 OK for: rollup@4.60.2 want: 4.60.2
633 silly placeDep ROOT @rollup/rollup-linux-arm-musleabihf@4.60.2 OK for: rollup@4.60.2 want: 4.60.2
634 silly placeDep ROOT @rollup/rollup-linux-arm64-gnu@4.60.2 OK for: rollup@4.60.2 want: 4.60.2
635 silly placeDep ROOT @rollup/rollup-linux-arm64-musl@4.60.2 OK for: rollup@4.60.2 want: 4.60.2
636 silly placeDep ROOT @rollup/rollup-linux-loong64-gnu@4.60.2 OK for: rollup@4.60.2 want: 4.60.2
637 silly placeDep ROOT @rollup/rollup-linux-loong64-musl@4.60.2 OK for: rollup@4.60.2 want: 4.60.2
638 silly placeDep ROOT @rollup/rollup-linux-ppc64-gnu@4.60.2 OK for: rollup@4.60.2 want: 4.60.2
639 silly placeDep ROOT @rollup/rollup-linux-ppc64-musl@4.60.2 OK for: rollup@4.60.2 want: 4.60.2
640 silly placeDep ROOT @rollup/rollup-linux-riscv64-gnu@4.60.2 OK for: rollup@4.60.2 want: 4.60.2
641 silly placeDep ROOT @rollup/rollup-linux-riscv64-musl@4.60.2 OK for: rollup@4.60.2 want: 4.60.2
642 silly placeDep ROOT @rollup/rollup-linux-s390x-gnu@4.60.2 OK for: rollup@4.60.2 want: 4.60.2
643 silly placeDep ROOT @rollup/rollup-linux-x64-gnu@4.60.2 OK for: rollup@4.60.2 want: 4.60.2
644 silly placeDep ROOT @rollup/rollup-linux-x64-musl@4.60.2 OK for: rollup@4.60.2 want: 4.60.2
645 silly placeDep ROOT @rollup/rollup-openbsd-x64@4.60.2 OK for: rollup@4.60.2 want: 4.60.2
646 silly placeDep ROOT @rollup/rollup-openharmony-arm64@4.60.2 OK for: rollup@4.60.2 want: 4.60.2
647 silly placeDep ROOT @rollup/rollup-win32-arm64-msvc@4.60.2 OK for: rollup@4.60.2 want: 4.60.2
648 silly placeDep ROOT @rollup/rollup-win32-ia32-msvc@4.60.2 OK for: rollup@4.60.2 want: 4.60.2
649 silly placeDep ROOT @rollup/rollup-win32-x64-gnu@4.60.2 OK for: rollup@4.60.2 want: 4.60.2
650 silly placeDep ROOT @rollup/rollup-win32-x64-msvc@4.60.2 OK for: rollup@4.60.2 want: 4.60.2
651 silly placeDep ROOT @types/estree@1.0.8 OK for: rollup@4.60.2 want: 1.0.8
652 silly reify moves {}
653 silly audit bulk request {
653 silly audit   '@vitejs/plugin-react': [ '4.7.0' ],
653 silly audit   vite: [ '5.4.21' ],
653 silly audit   react: [ '18.3.1' ],
653 silly audit   'react-dom': [ '18.3.1' ],
653 silly audit   '@babel/core': [ '7.29.0' ],
653 silly audit   '@babel/plugin-transform-react-jsx-self': [ '7.27.1' ],
653 silly audit   '@babel/plugin-transform-react-jsx-source': [ '7.27.1' ],
653 silly audit   '@rolldown/pluginutils': [ '1.0.0-beta.27' ],
653 silly audit   '@types/babel__core': [ '7.20.5' ],
653 silly audit   'react-refresh': [ '0.17.0' ],
653 silly audit   '@babel/code-frame': [ '7.29.0' ],
653 silly audit   '@babel/generator': [ '7.29.1' ],
653 silly audit   '@babel/helper-compilation-targets': [ '7.28.6' ],
653 silly audit   '@babel/helper-module-transforms': [ '7.28.6' ],
653 silly audit   '@babel/helpers': [ '7.29.2' ],
653 silly audit   '@babel/parser': [ '7.29.2' ],
653 silly audit   '@babel/template': [ '7.28.6' ],
653 silly audit   '@babel/traverse': [ '7.29.0' ],
653 silly audit   '@babel/types': [ '7.29.0' ],
653 silly audit   '@jridgewell/remapping': [ '2.3.5' ],
653 silly audit   'convert-source-map': [ '2.0.0' ],
653 silly audit   debug: [ '4.4.3' ],
653 silly audit   gensync: [ '1.0.0-beta.2' ],
653 silly audit   json5: [ '2.2.3' ],
653 silly audit   semver: [ '6.3.1' ],
653 silly audit   '@babel/helper-validator-identifier': [ '7.28.5' ],
653 silly audit   'js-tokens': [ '4.0.0' ],
653 silly audit   picocolors: [ '1.1.1' ],
653 silly audit   '@jridgewell/gen-mapping': [ '0.3.13' ],
653 silly audit   '@jridgewell/trace-mapping': [ '0.3.31' ],
653 silly audit   jsesc: [ '3.1.0' ],
653 silly audit   '@babel/compat-data': [ '7.29.0' ],
653 silly audit   '@babel/helper-validator-option': [ '7.27.1' ],
653 silly audit   browserslist: [ '4.28.2' ],
653 silly audit   'lru-cache': [ '5.1.1' ],
653 silly audit   '@babel/helper-module-imports': [ '7.28.6' ],
653 silly audit   '@babel/helper-plugin-utils': [ '7.28.6' ],
653 silly audit   '@babel/helper-globals': [ '7.28.0' ],
653 silly audit   '@babel/helper-string-parser': [ '7.27.1' ],
653 silly audit   '@jridgewell/sourcemap-codec': [ '1.5.5' ],
653 silly audit   '@jridgewell/resolve-uri': [ '3.1.2' ],
653 silly audit   '@types/babel__generator': [ '7.27.0' ],
653 silly audit   '@types/babel__template': [ '7.4.4' ],
653 silly audit   '@types/babel__traverse': [ '7.28.0' ],
653 silly audit   'baseline-browser-mapping': [ '2.10.23' ],
653 silly audit   'caniuse-lite': [ '1.0.30001791' ],
653 silly audit   'electron-to-chromium': [ '1.5.344' ],
653 silly audit   'node-releases': [ '2.0.38' ],
653 silly audit   'update-browserslist-db': [ '1.2.3' ],
653 silly audit   ms: [ '2.1.3' ],
653 silly audit   yallist: [ '3.1.1' ],
653 silly audit   'loose-envify': [ '1.4.0' ],
653 silly audit   scheduler: [ '0.23.2' ],
653 silly audit   escalade: [ '3.2.0' ],
653 silly audit   esbuild: [ '0.21.5' ],
653 silly audit   fsevents: [ '2.3.3' ],
653 silly audit   postcss: [ '8.5.12' ],
653 silly audit   rollup: [ '4.60.2' ],
653 silly audit   '@esbuild/aix-ppc64': [ '0.21.5' ],
653 silly audit   '@esbuild/android-arm': [ '0.21.5' ],
653 silly audit   '@esbuild/android-arm64': [ '0.21.5' ],
653 silly audit   '@esbuild/android-x64': [ '0.21.5' ],
653 silly audit   '@esbuild/darwin-arm64': [ '0.21.5' ],
653 silly audit   '@esbuild/darwin-x64': [ '0.21.5' ],
653 silly audit   '@esbuild/freebsd-arm64': [ '0.21.5' ],
653 silly audit   '@esbuild/freebsd-x64': [ '0.21.5' ],
653 silly audit   '@esbuild/linux-arm': [ '0.21.5' ],
653 silly audit   '@esbuild/linux-arm64': [ '0.21.5' ],
653 silly audit   '@esbuild/linux-ia32': [ '0.21.5' ],
653 silly audit   '@esbuild/linux-loong64': [ '0.21.5' ],
653 silly audit   '@esbuild/linux-mips64el': [ '0.21.5' ],
653 silly audit   '@esbuild/linux-ppc64': [ '0.21.5' ],
653 silly audit   '@esbuild/linux-riscv64': [ '0.21.5' ],
653 silly audit   '@esbuild/linux-s390x': [ '0.21.5' ],
653 silly audit   '@esbuild/linux-x64': [ '0.21.5' ],
653 silly audit   '@esbuild/netbsd-x64': [ '0.21.5' ],
653 silly audit   '@esbuild/openbsd-x64': [ '0.21.5' ],
653 silly audit   '@esbuild/sunos-x64': [ '0.21.5' ],
653 silly audit   '@esbuild/win32-arm64': [ '0.21.5' ],
653 silly audit   '@esbuild/win32-ia32': [ '0.21.5' ],
653 silly audit   '@esbuild/win32-x64': [ '0.21.5' ],
653 silly audit   nanoid: [ '3.3.11' ],
653 silly audit   'source-map-js': [ '1.2.1' ],
653 silly audit   '@rollup/rollup-android-arm-eabi': [ '4.60.2' ],
653 silly audit   '@rollup/rollup-android-arm64': [ '4.60.2' ],
653 silly audit   '@rollup/rollup-darwin-arm64': [ '4.60.2' ],
653 silly audit   '@rollup/rollup-darwin-x64': [ '4.60.2' ],
653 silly audit   '@rollup/rollup-freebsd-arm64': [ '4.60.2' ],
653 silly audit   '@rollup/rollup-freebsd-x64': [ '4.60.2' ],
653 silly audit   '@rollup/rollup-linux-arm-gnueabihf': [ '4.60.2' ],
653 silly audit   '@rollup/rollup-linux-arm-musleabihf': [ '4.60.2' ],
653 silly audit   '@rollup/rollup-linux-arm64-gnu': [ '4.60.2' ],
653 silly audit   '@rollup/rollup-linux-arm64-musl': [ '4.60.2' ],
653 silly audit   '@rollup/rollup-linux-loong64-gnu': [ '4.60.2' ],
653 silly audit   '@rollup/rollup-linux-loong64-musl': [ '4.60.2' ],
653 silly audit   '@rollup/rollup-linux-ppc64-gnu': [ '4.60.2' ],
653 silly audit   '@rollup/rollup-linux-ppc64-musl': [ '4.60.2' ],
653 silly audit   '@rollup/rollup-linux-riscv64-gnu': [ '4.60.2' ],
653 silly audit   '@rollup/rollup-linux-riscv64-musl': [ '4.60.2' ],
653 silly audit   '@rollup/rollup-linux-s390x-gnu': [ '4.60.2' ],
653 silly audit   '@rollup/rollup-linux-x64-gnu': [ '4.60.2' ],
653 silly audit   '@rollup/rollup-linux-x64-musl': [ '4.60.2' ],
653 silly audit   '@rollup/rollup-openbsd-x64': [ '4.60.2' ],
653 silly audit   '@rollup/rollup-openharmony-arm64': [ '4.60.2' ],
653 silly audit   '@rollup/rollup-win32-arm64-msvc': [ '4.60.2' ],
653 silly audit   '@rollup/rollup-win32-ia32-msvc': [ '4.60.2' ],
653 silly audit   '@rollup/rollup-win32-x64-gnu': [ '4.60.2' ],
653 silly audit   '@rollup/rollup-win32-x64-msvc': [ '4.60.2' ],
653 silly audit   '@types/estree': [ '1.0.8' ]
653 silly audit }
654 http cache @types/estree@https://registry.npmjs.org/@types/estree/-/estree-1.0.8.tgz 0ms (cache hit)
655 http cache nanoid@https://registry.npmjs.org/nanoid/-/nanoid-3.3.11.tgz 0ms (cache hit)
656 http cache @rollup/rollup-win32-x64-gnu@https://registry.npmjs.org/@rollup/rollup-win32-x64-gnu/-/rollup-win32-x64-gnu-4.60.2.tgz 0ms (cache hit)
657 http cache @rollup/rollup-win32-x64-msvc@https://registry.npmjs.org/@rollup/rollup-win32-x64-msvc/-/rollup-win32-x64-msvc-4.60.2.tgz 0ms (cache hit)
658 http cache source-map-js@https://registry.npmjs.org/source-map-js/-/source-map-js-1.2.1.tgz 0ms (cache hit)
659 http cache rollup@https://registry.npmjs.org/rollup/-/rollup-4.60.2.tgz 1ms (cache hit)
660 http cache esbuild@https://registry.npmjs.org/esbuild/-/esbuild-0.21.5.tgz 0ms (cache hit)
661 http cache @esbuild/win32-x64@https://registry.npmjs.org/@esbuild/win32-x64/-/win32-x64-0.21.5.tgz 0ms (cache hit)
662 http cache postcss@https://registry.npmjs.org/postcss/-/postcss-8.5.12.tgz 0ms (cache hit)
663 http cache escalade@https://registry.npmjs.org/escalade/-/escalade-3.2.0.tgz 0ms (cache hit)
664 http cache loose-envify@https://registry.npmjs.org/loose-envify/-/loose-envify-1.4.0.tgz 0ms (cache hit)
665 http cache yallist@https://registry.npmjs.org/yallist/-/yallist-3.1.1.tgz 0ms (cache hit)
666 http cache scheduler@https://registry.npmjs.org/scheduler/-/scheduler-0.23.2.tgz 0ms (cache hit)
667 http cache ms@https://registry.npmjs.org/ms/-/ms-2.1.3.tgz 0ms (cache hit)
668 http cache node-releases@https://registry.npmjs.org/node-releases/-/node-releases-2.0.38.tgz 0ms (cache hit)
669 http cache update-browserslist-db@https://registry.npmjs.org/update-browserslist-db/-/update-browserslist-db-1.2.3.tgz 0ms (cache hit)
670 http cache @types/babel__traverse@https://registry.npmjs.org/@types/babel__traverse/-/babel__traverse-7.28.0.tgz 0ms (cache hit)
671 http cache caniuse-lite@https://registry.npmjs.org/caniuse-lite/-/caniuse-lite-1.0.30001791.tgz 0ms (cache hit)
672 http cache electron-to-chromium@https://registry.npmjs.org/electron-to-chromium/-/electron-to-chromium-1.5.344.tgz 0ms (cache hit)
673 http cache baseline-browser-mapping@https://registry.npmjs.org/baseline-browser-mapping/-/baseline-browser-mapping-2.10.23.tgz 0ms (cache hit)
674 http cache @types/babel__generator@https://registry.npmjs.org/@types/babel__generator/-/babel__generator-7.27.0.tgz 0ms (cache hit)
675 http cache @types/babel__template@https://registry.npmjs.org/@types/babel__template/-/babel__template-7.4.4.tgz 0ms (cache hit)
676 http cache lru-cache@https://registry.npmjs.org/lru-cache/-/lru-cache-5.1.1.tgz 0ms (cache hit)
677 http cache @jridgewell/sourcemap-codec@https://registry.npmjs.org/@jridgewell/sourcemap-codec/-/sourcemap-codec-1.5.5.tgz 0ms (cache hit)
678 http cache browserslist@https://registry.npmjs.org/browserslist/-/browserslist-4.28.2.tgz 0ms (cache hit)
679 http cache @jridgewell/resolve-uri@https://registry.npmjs.org/@jridgewell/resolve-uri/-/resolve-uri-3.1.2.tgz 0ms (cache hit)
680 http cache @babel/helper-string-parser@https://registry.npmjs.org/@babel/helper-string-parser/-/helper-string-parser-7.27.1.tgz 0ms (cache hit)
681 http cache @babel/helper-plugin-utils@https://registry.npmjs.org/@babel/helper-plugin-utils/-/helper-plugin-utils-7.28.6.tgz 0ms (cache hit)
682 http cache @jridgewell/trace-mapping@https://registry.npmjs.org/@jridgewell/trace-mapping/-/trace-mapping-0.3.31.tgz 0ms (cache hit)
683 http cache @babel/helper-module-imports@https://registry.npmjs.org/@babel/helper-module-imports/-/helper-module-imports-7.28.6.tgz 0ms (cache hit)
684 http cache @babel/helper-globals@https://registry.npmjs.org/@babel/helper-globals/-/helper-globals-7.28.0.tgz 0ms (cache hit)
685 http cache jsesc@https://registry.npmjs.org/jsesc/-/jsesc-3.1.0.tgz 0ms (cache hit)
686 http cache @babel/helper-validator-option@https://registry.npmjs.org/@babel/helper-validator-option/-/helper-validator-option-7.27.1.tgz 0ms (cache hit)
687 http cache @jridgewell/gen-mapping@https://registry.npmjs.org/@jridgewell/gen-mapping/-/gen-mapping-0.3.13.tgz 0ms (cache hit)
688 http cache @babel/compat-data@https://registry.npmjs.org/@babel/compat-data/-/compat-data-7.29.0.tgz 0ms (cache hit)
689 http cache @babel/helper-validator-identifier@https://registry.npmjs.org/@babel/helper-validator-identifier/-/helper-validator-identifier-7.28.5.tgz 0ms (cache hit)
690 http cache js-tokens@https://registry.npmjs.org/js-tokens/-/js-tokens-4.0.0.tgz 0ms (cache hit)
691 http cache picocolors@https://registry.npmjs.org/picocolors/-/picocolors-1.1.1.tgz 0ms (cache hit)
692 http cache gensync@https://registry.npmjs.org/gensync/-/gensync-1.0.0-beta.2.tgz 0ms (cache hit)
693 http cache semver@https://registry.npmjs.org/semver/-/semver-6.3.1.tgz 0ms (cache hit)
694 http cache @jridgewell/remapping@https://registry.npmjs.org/@jridgewell/remapping/-/remapping-2.3.5.tgz 0ms (cache hit)
695 http cache debug@https://registry.npmjs.org/debug/-/debug-4.4.3.tgz 0ms (cache hit)
696 http cache convert-source-map@https://registry.npmjs.org/convert-source-map/-/convert-source-map-2.0.0.tgz 0ms (cache hit)
697 http cache @babel/template@https://registry.npmjs.org/@babel/template/-/template-7.28.6.tgz 0ms (cache hit)
698 http cache @babel/helpers@https://registry.npmjs.org/@babel/helpers/-/helpers-7.29.2.tgz 0ms (cache hit)
699 http cache json5@https://registry.npmjs.org/json5/-/json5-2.2.3.tgz 0ms (cache hit)
700 http cache @babel/types@https://registry.npmjs.org/@babel/types/-/types-7.29.0.tgz 0ms (cache hit)
701 http cache @babel/parser@https://registry.npmjs.org/@babel/parser/-/parser-7.29.2.tgz 0ms (cache hit)
702 http cache @babel/generator@https://registry.npmjs.org/@babel/generator/-/generator-7.29.1.tgz 0ms (cache hit)
703 http cache @babel/helper-module-transforms@https://registry.npmjs.org/@babel/helper-module-transforms/-/helper-module-transforms-7.28.6.tgz 0ms (cache hit)
704 http cache @babel/helper-compilation-targets@https://registry.npmjs.org/@babel/helper-compilation-targets/-/helper-compilation-targets-7.28.6.tgz 0ms (cache hit)
705 http cache @types/babel__core@https://registry.npmjs.org/@types/babel__core/-/babel__core-7.20.5.tgz 0ms (cache hit)
706 http cache @babel/code-frame@https://registry.npmjs.org/@babel/code-frame/-/code-frame-7.29.0.tgz 0ms (cache hit)
707 http cache react-refresh@https://registry.npmjs.org/react-refresh/-/react-refresh-0.17.0.tgz 0ms (cache hit)
708 http cache @babel/traverse@https://registry.npmjs.org/@babel/traverse/-/traverse-7.29.0.tgz 0ms (cache hit)
709 http cache react-dom@https://registry.npmjs.org/react-dom/-/react-dom-18.3.1.tgz 0ms (cache hit)
710 http cache @babel/plugin-transform-react-jsx-self@https://registry.npmjs.org/@babel/plugin-transform-react-jsx-self/-/plugin-transform-react-jsx-self-7.27.1.tgz 0ms (cache hit)
711 http cache @babel/plugin-transform-react-jsx-source@https://registry.npmjs.org/@babel/plugin-transform-react-jsx-source/-/plugin-transform-react-jsx-source-7.27.1.tgz 0ms (cache hit)
712 http cache @babel/core@https://registry.npmjs.org/@babel/core/-/core-7.29.0.tgz 0ms (cache hit)
713 http cache @rolldown/pluginutils@https://registry.npmjs.org/@rolldown/pluginutils/-/pluginutils-1.0.0-beta.27.tgz 0ms (cache hit)
714 http cache react@https://registry.npmjs.org/react/-/react-18.3.1.tgz 0ms (cache hit)
715 silly tarball no local data for @types/estree@https://registry.npmjs.org/@types/estree/-/estree-1.0.8.tgz. Extracting by manifest.
716 silly tarball no local data for nanoid@https://registry.npmjs.org/nanoid/-/nanoid-3.3.11.tgz. Extracting by manifest.
717 silly tarball no local data for @rollup/rollup-win32-x64-gnu@https://registry.npmjs.org/@rollup/rollup-win32-x64-gnu/-/rollup-win32-x64-gnu-4.60.2.tgz. Extracting by manifest.
718 silly tarball no local data for @rollup/rollup-win32-x64-msvc@https://registry.npmjs.org/@rollup/rollup-win32-x64-msvc/-/rollup-win32-x64-msvc-4.60.2.tgz. Extracting by manifest.
719 http cache vite@https://registry.npmjs.org/vite/-/vite-5.4.21.tgz 0ms (cache hit)
720 silly tarball no local data for source-map-js@https://registry.npmjs.org/source-map-js/-/source-map-js-1.2.1.tgz. Extracting by manifest.
721 silly tarball no local data for rollup@https://registry.npmjs.org/rollup/-/rollup-4.60.2.tgz. Extracting by manifest.
722 silly tarball no local data for esbuild@https://registry.npmjs.org/esbuild/-/esbuild-0.21.5.tgz. Extracting by manifest.
723 silly tarball no local data for @esbuild/win32-x64@https://registry.npmjs.org/@esbuild/win32-x64/-/win32-x64-0.21.5.tgz. Extracting by manifest.
724 silly tarball no local data for postcss@https://registry.npmjs.org/postcss/-/postcss-8.5.12.tgz. Extracting by manifest.
725 silly tarball no local data for escalade@https://registry.npmjs.org/escalade/-/escalade-3.2.0.tgz. Extracting by manifest.
726 silly tarball no local data for loose-envify@https://registry.npmjs.org/loose-envify/-/loose-envify-1.4.0.tgz. Extracting by manifest.
727 http cache @vitejs/plugin-react@https://registry.npmjs.org/@vitejs/plugin-react/-/plugin-react-4.7.0.tgz 0ms (cache hit)
728 silly tarball no local data for yallist@https://registry.npmjs.org/yallist/-/yallist-3.1.1.tgz. Extracting by manifest.
729 silly tarball no local data for scheduler@https://registry.npmjs.org/scheduler/-/scheduler-0.23.2.tgz. Extracting by manifest.
730 silly tarball no local data for ms@https://registry.npmjs.org/ms/-/ms-2.1.3.tgz. Extracting by manifest.
731 silly tarball no local data for node-releases@https://registry.npmjs.org/node-releases/-/node-releases-2.0.38.tgz. Extracting by manifest.
732 silly tarball no local data for update-browserslist-db@https://registry.npmjs.org/update-browserslist-db/-/update-browserslist-db-1.2.3.tgz. Extracting by manifest.
733 silly tarball no local data for @types/babel__traverse@https://registry.npmjs.org/@types/babel__traverse/-/babel__traverse-7.28.0.tgz. Extracting by manifest.
734 silly tarball no local data for caniuse-lite@https://registry.npmjs.org/caniuse-lite/-/caniuse-lite-1.0.30001791.tgz. Extracting by manifest.
735 silly tarball no local data for electron-to-chromium@https://registry.npmjs.org/electron-to-chromium/-/electron-to-chromium-1.5.344.tgz. Extracting by manifest.
736 silly tarball no local data for baseline-browser-mapping@https://registry.npmjs.org/baseline-browser-mapping/-/baseline-browser-mapping-2.10.23.tgz. Extracting by manifest.
737 silly tarball no local data for @types/babel__generator@https://registry.npmjs.org/@types/babel__generator/-/babel__generator-7.27.0.tgz. Extracting by manifest.
738 silly tarball no local data for @types/babel__template@https://registry.npmjs.org/@types/babel__template/-/babel__template-7.4.4.tgz. Extracting by manifest.
739 silly tarball no local data for lru-cache@https://registry.npmjs.org/lru-cache/-/lru-cache-5.1.1.tgz. Extracting by manifest.
740 silly tarball no local data for @jridgewell/sourcemap-codec@https://registry.npmjs.org/@jridgewell/sourcemap-codec/-/sourcemap-codec-1.5.5.tgz. Extracting by manifest.
741 silly tarball no local data for browserslist@https://registry.npmjs.org/browserslist/-/browserslist-4.28.2.tgz. Extracting by manifest.
742 silly tarball no local data for @jridgewell/resolve-uri@https://registry.npmjs.org/@jridgewell/resolve-uri/-/resolve-uri-3.1.2.tgz. Extracting by manifest.
743 silly tarball no local data for @babel/helper-string-parser@https://registry.npmjs.org/@babel/helper-string-parser/-/helper-string-parser-7.27.1.tgz. Extracting by manifest.
744 silly tarball no local data for @babel/helper-plugin-utils@https://registry.npmjs.org/@babel/helper-plugin-utils/-/helper-plugin-utils-7.28.6.tgz. Extracting by manifest.
745 silly tarball no local data for @jridgewell/trace-mapping@https://registry.npmjs.org/@jridgewell/trace-mapping/-/trace-mapping-0.3.31.tgz. Extracting by manifest.
746 silly tarball no local data for @babel/helper-module-imports@https://registry.npmjs.org/@babel/helper-module-imports/-/helper-module-imports-7.28.6.tgz. Extracting by manifest.
747 silly tarball no local data for @babel/helper-globals@https://registry.npmjs.org/@babel/helper-globals/-/helper-globals-7.28.0.tgz. Extracting by manifest.
748 silly tarball no local data for jsesc@https://registry.npmjs.org/jsesc/-/jsesc-3.1.0.tgz. Extracting by manifest.
749 silly tarball no local data for @babel/helper-validator-option@https://registry.npmjs.org/@babel/helper-validator-option/-/helper-validator-option-7.27.1.tgz. Extracting by manifest.
750 silly tarball no local data for @jridgewell/gen-mapping@https://registry.npmjs.org/@jridgewell/gen-mapping/-/gen-mapping-0.3.13.tgz. Extracting by manifest.
751 silly tarball no local data for @babel/compat-data@https://registry.npmjs.org/@babel/compat-data/-/compat-data-7.29.0.tgz. Extracting by manifest.
752 silly tarball no local data for @babel/helper-validator-identifier@https://registry.npmjs.org/@babel/helper-validator-identifier/-/helper-validator-identifier-7.28.5.tgz. Extracting by manifest.
753 silly tarball no local data for js-tokens@https://registry.npmjs.org/js-tokens/-/js-tokens-4.0.0.tgz. Extracting by manifest.
754 silly tarball no local data for picocolors@https://registry.npmjs.org/picocolors/-/picocolors-1.1.1.tgz. Extracting by manifest.
755 silly tarball no local data for gensync@https://registry.npmjs.org/gensync/-/gensync-1.0.0-beta.2.tgz. Extracting by manifest.
756 silly tarball no local data for semver@https://registry.npmjs.org/semver/-/semver-6.3.1.tgz. Extracting by manifest.
757 silly tarball no local data for @jridgewell/remapping@https://registry.npmjs.org/@jridgewell/remapping/-/remapping-2.3.5.tgz. Extracting by manifest.
758 silly tarball no local data for debug@https://registry.npmjs.org/debug/-/debug-4.4.3.tgz. Extracting by manifest.
759 silly tarball no local data for convert-source-map@https://registry.npmjs.org/convert-source-map/-/convert-source-map-2.0.0.tgz. Extracting by manifest.
760 silly tarball no local data for @babel/template@https://registry.npmjs.org/@babel/template/-/template-7.28.6.tgz. Extracting by manifest.
761 silly tarball no local data for @babel/helpers@https://registry.npmjs.org/@babel/helpers/-/helpers-7.29.2.tgz. Extracting by manifest.
762 silly tarball no local data for json5@https://registry.npmjs.org/json5/-/json5-2.2.3.tgz. Extracting by manifest.
763 silly tarball no local data for @babel/types@https://registry.npmjs.org/@babel/types/-/types-7.29.0.tgz. Extracting by manifest.
764 silly tarball no local data for @babel/parser@https://registry.npmjs.org/@babel/parser/-/parser-7.29.2.tgz. Extracting by manifest.
765 silly tarball no local data for @babel/generator@https://registry.npmjs.org/@babel/generator/-/generator-7.29.1.tgz. Extracting by manifest.
766 silly tarball no local data for @babel/helper-module-transforms@https://registry.npmjs.org/@babel/helper-module-transforms/-/helper-module-transforms-7.28.6.tgz. Extracting by manifest.
767 silly tarball no local data for @babel/helper-compilation-targets@https://registry.npmjs.org/@babel/helper-compilation-targets/-/helper-compilation-targets-7.28.6.tgz. Extracting by manifest.
768 silly tarball no local data for @types/babel__core@https://registry.npmjs.org/@types/babel__core/-/babel__core-7.20.5.tgz. Extracting by manifest.
769 silly tarball no local data for @babel/code-frame@https://registry.npmjs.org/@babel/code-frame/-/code-frame-7.29.0.tgz. Extracting by manifest.
770 silly tarball no local data for react-refresh@https://registry.npmjs.org/react-refresh/-/react-refresh-0.17.0.tgz. Extracting by manifest.
771 silly tarball no local data for @babel/traverse@https://registry.npmjs.org/@babel/traverse/-/traverse-7.29.0.tgz. Extracting by manifest.
772 silly tarball no local data for react-dom@https://registry.npmjs.org/react-dom/-/react-dom-18.3.1.tgz. Extracting by manifest.
773 silly tarball no local data for @babel/plugin-transform-react-jsx-self@https://registry.npmjs.org/@babel/plugin-transform-react-jsx-self/-/plugin-transform-react-jsx-self-7.27.1.tgz. Extracting by manifest.
774 silly tarball no local data for @babel/plugin-transform-react-jsx-source@https://registry.npmjs.org/@babel/plugin-transform-react-jsx-source/-/plugin-transform-react-jsx-source-7.27.1.tgz. Extracting by manifest.
775 silly tarball no local data for @babel/core@https://registry.npmjs.org/@babel/core/-/core-7.29.0.tgz. Extracting by manifest.
776 silly tarball no local data for @rolldown/pluginutils@https://registry.npmjs.org/@rolldown/pluginutils/-/pluginutils-1.0.0-beta.27.tgz. Extracting by manifest.
777 silly tarball no local data for react@https://registry.npmjs.org/react/-/react-18.3.1.tgz. Extracting by manifest.
778 silly tarball no local data for vite@https://registry.npmjs.org/vite/-/vite-5.4.21.tgz. Extracting by manifest.
779 silly tarball no local data for @vitejs/plugin-react@https://registry.npmjs.org/@vitejs/plugin-react/-/plugin-react-4.7.0.tgz. Extracting by manifest.
780 http fetch GET 200 https://registry.npmjs.org/nanoid/-/nanoid-3.3.11.tgz 219ms (cache miss)
781 http fetch GET 200 https://registry.npmjs.org/loose-envify/-/loose-envify-1.4.0.tgz 233ms (cache miss)
782 http fetch GET 200 https://registry.npmjs.org/escalade/-/escalade-3.2.0.tgz 241ms (cache miss)
783 http fetch POST 200 https://registry.npmjs.org/-/npm/v1/security/advisories/bulk 305ms
784 silly audit report {
784 silly audit report   vite: [
784 silly audit report     {
784 silly audit report       id: 1116229,
784 silly audit report       url: 'https://github.com/advisories/GHSA-4w7w-66w2-5vf9',
784 silly audit report       title: 'Vite Vulnerable to Path Traversal in Optimized Deps `.map` Handling',
784 silly audit report       severity: 'moderate',
784 silly audit report       vulnerable_versions: '<=6.4.1',
784 silly audit report       cwe: [Array],
784 silly audit report       cvss: [Object]
784 silly audit report     }
784 silly audit report   ],
784 silly audit report   esbuild: [
784 silly audit report     {
784 silly audit report       id: 1102341,
784 silly audit report       url: 'https://github.com/advisories/GHSA-67mh-4wv8-2f99',
784 silly audit report       title: 'esbuild enables any website to send any requests to the development server and read the response',
784 silly audit report       severity: 'moderate',
784 silly audit report       vulnerable_versions: '<=0.24.2',
784 silly audit report       cwe: [Array],
784 silly audit report       cvss: [Object]
784 silly audit report     }
784 silly audit report   ]
784 silly audit report }
785 silly packumentCache corgi:https://registry.npmjs.org/vite cache-miss
786 silly packumentCache corgi:https://registry.npmjs.org/esbuild cache-miss
787 http fetch GET 200 https://registry.npmjs.org/yallist/-/yallist-3.1.1.tgz 249ms (cache miss)
788 http fetch GET 200 https://registry.npmjs.org/@types/estree/-/estree-1.0.8.tgz 261ms (cache miss)
789 http fetch GET 200 https://registry.npmjs.org/ms/-/ms-2.1.3.tgz 250ms (cache miss)
790 http fetch GET 200 https://registry.npmjs.org/node-releases/-/node-releases-2.0.38.tgz 252ms (cache miss)
791 http fetch GET 200 https://registry.npmjs.org/update-browserslist-db/-/update-browserslist-db-1.2.3.tgz 265ms (cache miss)
792 http fetch GET 200 https://registry.npmjs.org/@types/babel__traverse/-/babel__traverse-7.28.0.tgz 318ms (cache miss)
793 http fetch GET 200 https://registry.npmjs.org/lru-cache/-/lru-cache-5.1.1.tgz 313ms (cache miss)
794 http fetch GET 200 https://registry.npmjs.org/@types/babel__template/-/babel__template-7.4.4.tgz 358ms (cache miss)
795 http fetch GET 200 https://registry.npmjs.org/@jridgewell/resolve-uri/-/resolve-uri-3.1.2.tgz 365ms (cache miss)
796 http fetch GET 200 https://registry.npmjs.org/@types/babel__generator/-/babel__generator-7.27.0.tgz 379ms (cache miss)
797 http fetch GET 200 https://registry.npmjs.org/@babel/helper-plugin-utils/-/helper-plugin-utils-7.28.6.tgz 413ms (cache miss)
798 http fetch GET 200 https://registry.npmjs.org/esbuild/-/esbuild-0.21.5.tgz 459ms (cache miss)
799 http fetch GET 200 https://registry.npmjs.org/@babel/helper-validator-option/-/helper-validator-option-7.27.1.tgz 448ms (cache miss)
800 http fetch GET 200 https://registry.npmjs.org/@babel/helper-string-parser/-/helper-string-parser-7.27.1.tgz 463ms (cache miss)
801 http fetch GET 200 https://registry.npmjs.org/jsesc/-/jsesc-3.1.0.tgz 461ms (cache miss)
802 http fetch GET 200 https://registry.npmjs.org/gensync/-/gensync-1.0.0-beta.2.tgz 480ms (cache miss)
803 http fetch GET 200 https://registry.npmjs.org/js-tokens/-/js-tokens-4.0.0.tgz 484ms (cache miss)
804 http fetch GET 200 https://registry.npmjs.org/@babel/compat-data/-/compat-data-7.29.0.tgz 492ms (cache miss)
805 http fetch GET 200 https://registry.npmjs.org/picocolors/-/picocolors-1.1.1.tgz 495ms (cache miss)
806 http fetch GET 200 https://registry.npmjs.org/convert-source-map/-/convert-source-map-2.0.0.tgz 498ms (cache miss)
807 http fetch GET 200 https://registry.npmjs.org/react-refresh/-/react-refresh-0.17.0.tgz 510ms (cache miss)
808 http fetch GET 200 https://registry.npmjs.org/@types/babel__core/-/babel__core-7.20.5.tgz 514ms (cache miss)
809 http fetch GET 200 https://registry.npmjs.org/semver/-/semver-6.3.1.tgz 533ms (cache miss)
810 http fetch GET 200 https://registry.npmjs.org/browserslist/-/browserslist-4.28.2.tgz 558ms (cache miss)
811 http fetch GET 200 https://registry.npmjs.org/@babel/code-frame/-/code-frame-7.29.0.tgz 531ms (cache miss)
812 http fetch GET 200 https://registry.npmjs.org/baseline-browser-mapping/-/baseline-browser-mapping-2.10.23.tgz 577ms (cache miss)
813 http fetch GET 200 https://registry.npmjs.org/debug/-/debug-4.4.3.tgz 556ms (cache miss)
814 http fetch GET 200 https://registry.npmjs.org/electron-to-chromium/-/electron-to-chromium-1.5.344.tgz 594ms (cache miss)
815 http fetch GET 200 https://registry.npmjs.org/@babel/helper-validator-identifier/-/helper-validator-identifier-7.28.5.tgz 584ms (cache miss)
816 http fetch GET 200 https://registry.npmjs.org/scheduler/-/scheduler-0.23.2.tgz 651ms (cache miss)
817 http fetch GET 200 https://registry.npmjs.org/@babel/plugin-transform-react-jsx-self/-/plugin-transform-react-jsx-self-7.27.1.tgz 608ms (cache miss)
818 http fetch GET 200 https://registry.npmjs.org/source-map-js/-/source-map-js-1.2.1.tgz 680ms (cache miss)
819 http fetch GET 200 https://registry.npmjs.org/@babel/plugin-transform-react-jsx-source/-/plugin-transform-react-jsx-source-7.27.1.tgz 629ms (cache miss)
820 http fetch GET 200 https://registry.npmjs.org/@babel/helper-compilation-targets/-/helper-compilation-targets-7.28.6.tgz 682ms (cache miss)
821 http fetch GET 200 https://registry.npmjs.org/@babel/template/-/template-7.28.6.tgz 702ms (cache miss)
822 http fetch GET 200 https://registry.npmjs.org/json5/-/json5-2.2.3.tgz 716ms (cache miss)
823 http fetch GET 200 https://registry.npmjs.org/@jridgewell/sourcemap-codec/-/sourcemap-codec-1.5.5.tgz 754ms (cache miss)
824 http fetch GET 200 https://registry.npmjs.org/@jridgewell/remapping/-/remapping-2.3.5.tgz 770ms (cache miss)
825 http fetch GET 200 https://registry.npmjs.org/@jridgewell/gen-mapping/-/gen-mapping-0.3.13.tgz 780ms (cache miss)
826 http fetch GET 200 https://registry.npmjs.org/@babel/helper-module-imports/-/helper-module-imports-7.28.6.tgz 849ms (cache miss)
827 http fetch GET 200 https://registry.npmjs.org/postcss/-/postcss-8.5.12.tgz 879ms (cache miss)
828 http fetch GET 200 https://registry.npmjs.org/@jridgewell/trace-mapping/-/trace-mapping-0.3.31.tgz 867ms (cache miss)
829 http fetch GET 200 https://registry.npmjs.org/rollup/-/rollup-4.60.2.tgz 895ms (cache miss)
830 http fetch GET 200 https://registry.npmjs.org/@babel/traverse/-/traverse-7.29.0.tgz 964ms (cache miss)
831 http fetch GET 200 https://registry.npmjs.org/@babel/helper-globals/-/helper-globals-7.28.0.tgz 1087ms (cache miss)
832 http fetch GET 200 https://registry.npmjs.org/@babel/helper-module-transforms/-/helper-module-transforms-7.28.6.tgz 1175ms (cache miss)
833 http fetch GET 200 https://registry.npmjs.org/@babel/generator/-/generator-7.29.1.tgz 1325ms (cache miss)
834 http fetch GET 200 https://registry.npmjs.org/react/-/react-18.3.1.tgz 1448ms (cache miss)
835 http fetch GET 200 https://registry.npmjs.org/react-dom/-/react-dom-18.3.1.tgz 1466ms (cache miss)
836 http fetch GET 200 https://registry.npmjs.org/@babel/parser/-/parser-7.29.2.tgz 1717ms (cache miss)
837 http fetch GET 200 https://registry.npmjs.org/@babel/core/-/core-7.29.0.tgz 1755ms (cache miss)
838 http fetch GET 200 https://registry.npmjs.org/@rolldown/pluginutils/-/pluginutils-1.0.0-beta.27.tgz 1904ms (cache miss)
839 http fetch GET 200 https://registry.npmjs.org/@babel/types/-/types-7.29.0.tgz 1960ms (cache miss)
840 http fetch GET 200 https://registry.npmjs.org/vite/-/vite-5.4.21.tgz 1998ms (cache miss)
841 http fetch GET 200 https://registry.npmjs.org/@babel/helpers/-/helpers-7.29.2.tgz 2120ms (cache miss)
842 http fetch GET 200 https://registry.npmjs.org/vite 2008ms (cache miss)
843 silly packumentCache corgi:https://registry.npmjs.org/vite set size:undefined disposed:false
844 http fetch GET 200 https://registry.npmjs.org/@rollup/rollup-win32-x64-msvc/-/rollup-win32-x64-msvc-4.60.2.tgz 2764ms (cache miss)
845 http fetch GET 200 https://registry.npmjs.org/esbuild 3101ms (cache miss)
846 silly packumentCache corgi:https://registry.npmjs.org/esbuild set size:undefined disposed:false
847 silly packumentCache corgi:https://registry.npmjs.org/@vitejs%2fplugin-react cache-miss
848 http fetch GET 200 https://registry.npmjs.org/@vitejs%2fplugin-react 152ms (cache miss)
849 silly packumentCache corgi:https://registry.npmjs.org/@vitejs%2fplugin-react set size:undefined disposed:false
850 http fetch GET 200 https://registry.npmjs.org/caniuse-lite/-/caniuse-lite-1.0.30001791.tgz 3952ms (cache miss)
851 http fetch GET 200 https://registry.npmjs.org/@vitejs/plugin-react/-/plugin-react-4.7.0.tgz 4194ms (cache miss)
852 http fetch GET 200 https://registry.npmjs.org/@rollup/rollup-win32-x64-gnu/-/rollup-win32-x64-gnu-4.60.2.tgz 6747ms (cache miss)
853 http fetch GET 200 https://registry.npmjs.org/@esbuild/win32-x64/-/win32-x64-0.21.5.tgz 8762ms (cache miss)
854 info run esbuild@0.21.5 postinstall node_modules/esbuild node install.js
855 info run esbuild@0.21.5 postinstall { code: 'EPERM', signal: undefined }
856 verbose stack Error: spawn EPERM
856 verbose stack     at ChildProcess.spawn (node:internal/child_process:421:11)
856 verbose stack     at spawn (node:child_process:796:9)
856 verbose stack     at promiseSpawn (C:\Program Files\nodejs\node_modules\npm\node_modules\@npmcli\promise-spawn\lib\index.js:39:16)
856 verbose stack     at spawnWithShell (C:\Program Files\nodejs\node_modules\npm\node_modules\@npmcli\promise-spawn\lib\index.js:124:10)
856 verbose stack     at promiseSpawn (C:\Program Files\nodejs\node_modules\npm\node_modules\@npmcli\promise-spawn\lib\index.js:12:12)
856 verbose stack     at runScriptPkg (C:\Program Files\nodejs\node_modules\npm\node_modules\@npmcli\run-script\lib\run-script-pkg.js:79:13)
856 verbose stack     at runScript (C:\Program Files\nodejs\node_modules\npm\node_modules\@npmcli\run-script\lib\run-script.js:9:12)
856 verbose stack     at C:\Program Files\nodejs\node_modules\npm\node_modules\@npmcli\arborist\lib\arborist\rebuild.js:327:17
856 verbose stack     at run (C:\Program Files\nodejs\node_modules\npm\node_modules\promise-call-limit\dist\commonjs\index.js:67:22)
856 verbose stack     at C:\Program Files\nodejs\node_modules\npm\node_modules\promise-call-limit\dist\commonjs\index.js:84:9
857 error code EPERM
858 error syscall spawn
859 error errno -4048
860 error Error: spawn EPERM
860 error     at ChildProcess.spawn (node:internal/child_process:421:11)
860 error     at spawn (node:child_process:796:9)
860 error     at promiseSpawn (C:\Program Files\nodejs\node_modules\npm\node_modules\@npmcli\promise-spawn\lib\index.js:39:16)
860 error     at spawnWithShell (C:\Program Files\nodejs\node_modules\npm\node_modules\@npmcli\promise-spawn\lib\index.js:124:10)
860 error     at promiseSpawn (C:\Program Files\nodejs\node_modules\npm\node_modules\@npmcli\promise-spawn\lib\index.js:12:12)
860 error     at runScriptPkg (C:\Program Files\nodejs\node_modules\npm\node_modules\@npmcli\run-script\lib\run-script-pkg.js:79:13)
860 error     at runScript (C:\Program Files\nodejs\node_modules\npm\node_modules\@npmcli\run-script\lib\run-script.js:9:12)
860 error     at C:\Program Files\nodejs\node_modules\npm\node_modules\@npmcli\arborist\lib\arborist\rebuild.js:327:17
860 error     at run (C:\Program Files\nodejs\node_modules\npm\node_modules\promise-call-limit\dist\commonjs\index.js:67:22)
860 error     at C:\Program Files\nodejs\node_modules\npm\node_modules\promise-call-limit\dist\commonjs\index.js:84:9 {
860 error   errno: -4048,
860 error   code: 'EPERM',
860 error   syscall: 'spawn'
860 error }
861 error
861 error The operation was rejected by your operating system.
861 error It's possible that the file was already in use (by a text editor or antivirus),
861 error or that you lack permissions to access it.
861 error
861 error If you believe this might be a permissions issue, please double-check the
861 error permissions of the file and its containing directories, or try running
861 error the command again as root/Administrator.
862 silly unfinished npm timer reify 1777360806115
863 silly unfinished npm timer reify:build 1777360829604
864 silly unfinished npm timer build 1777360829605
865 silly unfinished npm timer build:deps 1777360829605
866 silly unfinished npm timer build:run:postinstall 1777360829674
867 silly unfinished npm timer build:run:postinstall:node_modules/esbuild 1777360829675
868 verbose cwd C:\Users\User\Desktop\nvr-fleet\admin-ui
869 verbose os Windows_NT 10.0.26200
870 verbose node v24.14.0
871 verbose npm  v11.9.0
872 notice
872 notice New minor version of npm available! 11.9.0 -> 11.13.0
872 notice Changelog: https://github.com/npm/cli/releases/tag/v11.13.0
872 notice To update run: npm install -g npm@11.13.0
872 notice  { force: true, Symbol(proc-log.meta): true }
873 verbose exit -4048
874 verbose code -4048
875 error A complete log of this run can be found in: C:\Users\User\Desktop\nvr-fleet\admin-ui\.npm-cache\_logs\2026-04-28T07_20_05_439Z-debug-0.log
