0 verbose cli C:\Program Files\nodejs\node.exe C:\Program Files\nodejs\node_modules\npm\bin\npm-cli.js
1 info using npm@11.9.0
2 info using node@v24.14.0
3 silly config load:file:C:\Program Files\nodejs\node_modules\npm\npmrc
4 silly config load:file:C:\Users\User\Desktop\nvr-fleet\admin-ui\.npmrc
5 silly config load:file:C:\Users\User\.npmrc
6 silly config load:file:C:\Users\User\AppData\Roaming\npm\etc\npmrc
7 verbose title npm install
8 verbose argv "install"
9 verbose logfile logs-max:10 dir:C:\Users\User\Desktop\nvr-fleet\admin-ui\.npm-cache\_logs\2026-04-28T07_43_13_719Z-
10 verbose logfile C:\Users\User\Desktop\nvr-fleet\admin-ui\.npm-cache\_logs\2026-04-28T07_43_13_719Z-debug-0.log
11 silly logfile done cleaning log files
12 silly packumentCache heap:4496293888 maxSize:1124073472 maxEntrySize:562036736
13 silly idealTree buildDeps
14 silly fetch manifest @vitejs/plugin-react@^6.0.1
15 silly packumentCache full:https://registry.npmjs.org/@vitejs%2fplugin-react cache-miss
16 http fetch GET 200 https://registry.npmjs.org/@vitejs%2fplugin-react 478ms (cache revalidated)
17 silly packumentCache full:https://registry.npmjs.org/@vitejs%2fplugin-react set size:264287 disposed:false
18 silly fetch manifest @rolldown/plugin-babel@^0.1.7 || ^0.2.0
19 silly packumentCache full:https://registry.npmjs.org/@rolldown%2fplugin-babel cache-miss
20 http fetch GET 200 https://registry.npmjs.org/@rolldown%2fplugin-babel 773ms (cache miss)
21 silly packumentCache full:https://registry.npmjs.org/@rolldown%2fplugin-babel set size:undefined disposed:false
22 silly fetch manifest @babel/core@^7.29.0 || ^8.0.0-rc.1
23 silly packumentCache full:https://registry.npmjs.org/@babel%2fcore cache-miss
24 http fetch GET 200 https://registry.npmjs.org/@babel%2fcore 77ms (cache revalidated)
25 silly packumentCache full:https://registry.npmjs.org/@babel%2fcore set size:760113 disposed:false
26 silly fetch manifest @babel/plugin-transform-runtime@^7.29.0 || ^8.0.0-rc.1
27 silly packumentCache full:https://registry.npmjs.org/@babel%2fplugin-transform-runtime cache-miss
28 http fetch GET 200 https://registry.npmjs.org/@babel%2fplugin-transform-runtime 126ms (cache miss)
29 silly packumentCache full:https://registry.npmjs.org/@babel%2fplugin-transform-runtime set size:undefined disposed:false
30 silly fetch manifest @babel/runtime@^7.27.0 || ^8.0.0-rc.1
31 silly packumentCache full:https://registry.npmjs.org/@babel%2fruntime cache-miss
32 http fetch GET 200 https://registry.npmjs.org/@babel%2fruntime 211ms (cache miss)
33 silly packumentCache full:https://registry.npmjs.org/@babel%2fruntime set size:undefined disposed:false
34 silly fetch manifest rolldown@^1.0.0-rc.5
35 silly packumentCache full:https://registry.npmjs.org/rolldown cache-miss
36 http fetch GET 200 https://registry.npmjs.org/rolldown 410ms (cache miss)
37 silly packumentCache full:https://registry.npmjs.org/rolldown set size:undefined disposed:false
38 silly fetch manifest vite@^8.0.10
39 silly packumentCache full:https://registry.npmjs.org/vite cache-miss
40 http fetch GET 200 https://registry.npmjs.org/vite 424ms (cache revalidated)
41 silly packumentCache full:https://registry.npmjs.org/vite set size:38816674 disposed:false
42 silly fetch manifest @types/node@^20.19.0 || >=22.12.0
43 silly packumentCache full:https://registry.npmjs.org/@types%2fnode cache-miss
44 http fetch GET 200 https://registry.npmjs.org/@types%2fnode 129ms (cache revalidated)
45 silly packumentCache full:https://registry.npmjs.org/@types%2fnode set size:10972342 disposed:false
46 silly fetch manifest @vitejs/devtools@^0.1.0
47 silly packumentCache full:https://registry.npmjs.org/@vitejs%2fdevtools cache-miss
48 http fetch GET 200 https://registry.npmjs.org/@vitejs%2fdevtools 664ms (cache miss)
49 silly packumentCache full:https://registry.npmjs.org/@vitejs%2fdevtools set size:undefined disposed:false
50 silly fetch manifest esbuild@^0.27.0 || ^0.28.0
51 silly packumentCache full:https://registry.npmjs.org/esbuild cache-miss
52 http fetch GET 200 https://registry.npmjs.org/esbuild 78ms (cache revalidated)
53 silly packumentCache full:https://registry.npmjs.org/esbuild set size:1254708 disposed:false
54 silly fetch manifest jiti@>=1.21.0
55 silly packumentCache full:https://registry.npmjs.org/jiti cache-miss
56 http fetch GET 200 https://registry.npmjs.org/jiti 1272ms (cache miss)
57 silly packumentCache full:https://registry.npmjs.org/jiti set size:undefined disposed:false
58 silly fetch manifest less@^4.0.0
59 silly packumentCache full:https://registry.npmjs.org/less cache-miss
60 http fetch GET 200 https://registry.npmjs.org/less 58ms (cache revalidated)
61 silly packumentCache full:https://registry.npmjs.org/less set size:461684 disposed:false
62 silly fetch manifest sass@^1.70.0
63 silly packumentCache full:https://registry.npmjs.org/sass cache-miss
64 http fetch GET 200 https://registry.npmjs.org/sass 58ms (cache revalidated)
65 silly packumentCache full:https://registry.npmjs.org/sass set size:726244 disposed:false
66 silly fetch manifest sass-embedded@^1.70.0
67 silly packumentCache full:https://registry.npmjs.org/sass-embedded cache-miss
68 http fetch GET 200 https://registry.npmjs.org/sass-embedded 56ms (cache revalidated)
69 silly packumentCache full:https://registry.npmjs.org/sass-embedded set size:415594 disposed:false
70 silly fetch manifest stylus@>=0.54.8
71 silly packumentCache full:https://registry.npmjs.org/stylus cache-miss
72 http fetch GET 200 https://registry.npmjs.org/stylus 59ms (cache revalidated)
73 silly packumentCache full:https://registry.npmjs.org/stylus set size:286766 disposed:false
74 silly fetch manifest sugarss@^5.0.0
75 silly packumentCache full:https://registry.npmjs.org/sugarss cache-miss
76 http fetch GET 200 https://registry.npmjs.org/sugarss 66ms (cache revalidated)
77 silly packumentCache full:https://registry.npmjs.org/sugarss set size:44975 disposed:false
78 silly fetch manifest postcss@^8.3.3
79 silly packumentCache full:https://registry.npmjs.org/postcss cache-miss
80 http fetch GET 200 https://registry.npmjs.org/postcss 346ms (cache revalidated)
81 silly packumentCache full:https://registry.npmjs.org/postcss set size:714272 disposed:false
82 silly fetch manifest terser@^5.16.0
83 silly packumentCache full:https://registry.npmjs.org/terser cache-miss
84 http fetch GET 200 https://registry.npmjs.org/terser 59ms (cache revalidated)
85 silly packumentCache full:https://registry.npmjs.org/terser set size:793225 disposed:false
86 silly fetch manifest tsx@^4.8.1
87 silly packumentCache full:https://registry.npmjs.org/tsx cache-miss
88 http fetch GET 200 https://registry.npmjs.org/tsx 87ms (cache miss)
89 silly packumentCache full:https://registry.npmjs.org/tsx set size:undefined disposed:false
90 silly fetch manifest yaml@^2.4.2
91 silly packumentCache full:https://registry.npmjs.org/yaml cache-miss
92 http fetch GET 200 https://registry.npmjs.org/yaml 77ms (cache miss)
93 silly packumentCache full:https://registry.npmjs.org/yaml set size:undefined disposed:false
94 silly fetch manifest babel-plugin-react-compiler@^1.0.0
95 silly packumentCache full:https://registry.npmjs.org/babel-plugin-react-compiler cache-miss
96 http fetch GET 200 https://registry.npmjs.org/babel-plugin-react-compiler 96ms (cache miss)
97 silly packumentCache full:https://registry.npmjs.org/babel-plugin-react-compiler set size:undefined disposed:false
98 silly placeDep ROOT @vitejs/plugin-react@6.0.1 REPLACE for: nvr-fleet-admin@1.0.0 want: ^6.0.1
99 silly placeDep ROOT vite@8.0.10 OK for: @vitejs/plugin-react@6.0.1 want: ^8.0.0
100 silly fetch manifest @rolldown/pluginutils@1.0.0-rc.7
101 silly packumentCache full:https://registry.npmjs.org/@rolldown%2fpluginutils cache-miss
102 silly fetch manifest lightningcss@^1.32.0
103 silly packumentCache full:https://registry.npmjs.org/lightningcss cache-miss
104 silly fetch manifest picomatch@^4.0.4
105 silly packumentCache full:https://registry.npmjs.org/picomatch cache-miss
106 silly fetch manifest postcss@^8.5.10
107 silly packumentCache full:https://registry.npmjs.org/postcss cache-hit
108 silly fetch manifest rolldown@1.0.0-rc.17
109 silly packumentCache full:https://registry.npmjs.org/rolldown cache-miss
110 silly fetch manifest tinyglobby@^0.2.16
111 silly packumentCache full:https://registry.npmjs.org/tinyglobby cache-miss
112 silly fetch manifest fsevents@~2.3.3
113 silly packumentCache full:https://registry.npmjs.org/fsevents cache-miss
114 http cache https://registry.npmjs.org/rolldown 24ms (cache hit)
115 silly packumentCache full:https://registry.npmjs.org/rolldown set size:3688592 disposed:false
116 http fetch GET 200 https://registry.npmjs.org/picomatch 67ms (cache miss)
117 silly packumentCache full:https://registry.npmjs.org/picomatch set size:undefined disposed:false
118 http fetch GET 200 https://registry.npmjs.org/tinyglobby 170ms (cache miss)
119 silly packumentCache full:https://registry.npmjs.org/tinyglobby set size:undefined disposed:false
120 http fetch GET 200 https://registry.npmjs.org/fsevents 186ms (cache revalidated)
121 silly packumentCache full:https://registry.npmjs.org/fsevents set size:182472 disposed:false
122 http fetch GET 200 https://registry.npmjs.org/lightningcss 437ms (cache revalidated)
123 silly packumentCache full:https://registry.npmjs.org/lightningcss set size:186753 disposed:false
124 http fetch GET 200 https://registry.npmjs.org/@rolldown%2fpluginutils 490ms (cache revalidated)
125 silly packumentCache full:https://registry.npmjs.org/@rolldown%2fpluginutils set size:289482 disposed:false
126 silly placeDep ROOT @rolldown/pluginutils@1.0.0-rc.7 OK for: @vitejs/plugin-react@6.0.1 want: 1.0.0-rc.7
127 silly placeDep ROOT fsevents@2.3.3 OK for: vite@8.0.10 want: ~2.3.3
128 silly placeDep ROOT lightningcss@1.32.0 OK for: vite@8.0.10 want: ^1.32.0
129 silly placeDep ROOT picomatch@4.0.4 OK for: vite@8.0.10 want: ^4.0.4
130 silly placeDep ROOT postcss@8.5.12 OK for: vite@8.0.10 want: ^8.5.10
131 silly placeDep ROOT rolldown@1.0.0-rc.17 OK for: vite@8.0.10 want: 1.0.0-rc.17
132 silly placeDep ROOT tinyglobby@0.2.16 OK for: vite@8.0.10 want: ^0.2.16
133 silly fetch manifest detect-libc@^2.0.3
134 silly packumentCache full:https://registry.npmjs.org/detect-libc cache-miss
135 silly fetch manifest lightningcss-darwin-x64@1.32.0
136 silly packumentCache full:https://registry.npmjs.org/lightningcss-darwin-x64 cache-miss
137 silly fetch manifest lightningcss-linux-x64-gnu@1.32.0
138 silly packumentCache full:https://registry.npmjs.org/lightningcss-linux-x64-gnu cache-miss
139 silly fetch manifest lightningcss-win32-x64-msvc@1.32.0
140 silly packumentCache full:https://registry.npmjs.org/lightningcss-win32-x64-msvc cache-miss
141 silly fetch manifest lightningcss-win32-arm64-msvc@1.32.0
142 silly packumentCache full:https://registry.npmjs.org/lightningcss-win32-arm64-msvc cache-miss
143 silly fetch manifest lightningcss-darwin-arm64@1.32.0
144 silly packumentCache full:https://registry.npmjs.org/lightningcss-darwin-arm64 cache-miss
145 silly fetch manifest lightningcss-linux-arm64-gnu@1.32.0
146 silly packumentCache full:https://registry.npmjs.org/lightningcss-linux-arm64-gnu cache-miss
147 silly fetch manifest lightningcss-linux-arm-gnueabihf@1.32.0
148 silly packumentCache full:https://registry.npmjs.org/lightningcss-linux-arm-gnueabihf cache-miss
149 silly fetch manifest lightningcss-linux-arm64-musl@1.32.0
150 silly packumentCache full:https://registry.npmjs.org/lightningcss-linux-arm64-musl cache-miss
151 silly fetch manifest lightningcss-linux-x64-musl@1.32.0
152 silly packumentCache full:https://registry.npmjs.org/lightningcss-linux-x64-musl cache-miss
153 silly fetch manifest lightningcss-freebsd-x64@1.32.0
154 silly packumentCache full:https://registry.npmjs.org/lightningcss-freebsd-x64 cache-miss
155 silly fetch manifest lightningcss-android-arm64@1.32.0
156 silly packumentCache full:https://registry.npmjs.org/lightningcss-android-arm64 cache-miss
157 silly fetch manifest nanoid@^3.3.11
158 silly packumentCache full:https://registry.npmjs.org/nanoid cache-miss
159 silly fetch manifest picocolors@^1.1.1
160 silly packumentCache full:https://registry.npmjs.org/picocolors cache-miss
161 silly fetch manifest source-map-js@^1.2.1
162 silly packumentCache full:https://registry.npmjs.org/source-map-js cache-miss
163 http fetch GET 200 https://registry.npmjs.org/lightningcss-win32-arm64-msvc 69ms (cache miss)
164 silly packumentCache full:https://registry.npmjs.org/lightningcss-win32-arm64-msvc set size:undefined disposed:false
165 silly fetch manifest @oxc-project/types@=0.127.0
166 silly packumentCache full:https://registry.npmjs.org/@oxc-project%2ftypes cache-miss
167 http fetch GET 200 https://registry.npmjs.org/lightningcss-win32-x64-msvc 74ms (cache miss)
168 silly packumentCache full:https://registry.npmjs.org/lightningcss-win32-x64-msvc set size:undefined disposed:false
169 silly fetch manifest @rolldown/pluginutils@1.0.0-rc.17
170 silly packumentCache full:https://registry.npmjs.org/@rolldown%2fpluginutils cache-hit
171 silly fetch manifest @rolldown/binding-darwin-x64@1.0.0-rc.17
172 silly packumentCache full:https://registry.npmjs.org/@rolldown%2fbinding-darwin-x64 cache-miss
173 http fetch GET 200 https://registry.npmjs.org/lightningcss-darwin-x64 76ms (cache miss)
174 silly packumentCache full:https://registry.npmjs.org/lightningcss-darwin-x64 set size:undefined disposed:false
175 silly fetch manifest @rolldown/binding-win32-x64-msvc@1.0.0-rc.17
176 silly packumentCache full:https://registry.npmjs.org/@rolldown%2fbinding-win32-x64-msvc cache-miss
177 http fetch GET 200 https://registry.npmjs.org/detect-libc 80ms (cache miss)
178 silly packumentCache full:https://registry.npmjs.org/detect-libc set size:undefined disposed:false
179 silly fetch manifest @rolldown/binding-linux-x64-gnu@1.0.0-rc.17
180 silly packumentCache full:https://registry.npmjs.org/@rolldown%2fbinding-linux-x64-gnu cache-miss
181 http fetch GET 200 https://registry.npmjs.org/lightningcss-linux-arm-gnueabihf 183ms (cache miss)
182 silly packumentCache full:https://registry.npmjs.org/lightningcss-linux-arm-gnueabihf set size:undefined disposed:false
183 silly fetch manifest @rolldown/binding-linux-x64-musl@1.0.0-rc.17
184 silly packumentCache full:https://registry.npmjs.org/@rolldown%2fbinding-linux-x64-musl cache-miss
185 http fetch GET 200 https://registry.npmjs.org/source-map-js 185ms (cache revalidated)
186 silly packumentCache full:https://registry.npmjs.org/source-map-js set size:62640 disposed:false
187 silly fetch manifest @rolldown/binding-freebsd-x64@1.0.0-rc.17
188 silly packumentCache full:https://registry.npmjs.org/@rolldown%2fbinding-freebsd-x64 cache-miss
189 http fetch GET 200 https://registry.npmjs.org/nanoid 189ms (cache revalidated)
190 silly packumentCache full:https://registry.npmjs.org/nanoid set size:304025 disposed:false
191 silly fetch manifest @rolldown/binding-linux-arm-gnueabihf@1.0.0-rc.17
192 silly packumentCache full:https://registry.npmjs.org/@rolldown%2fbinding-linux-arm-gnueabihf cache-miss
193 http fetch GET 200 https://registry.npmjs.org/lightningcss-android-arm64 200ms (cache miss)
194 silly packumentCache full:https://registry.npmjs.org/lightningcss-android-arm64 set size:undefined disposed:false
195 silly fetch manifest @rolldown/binding-linux-arm64-gnu@1.0.0-rc.17
196 silly packumentCache full:https://registry.npmjs.org/@rolldown%2fbinding-linux-arm64-gnu cache-miss
197 http fetch GET 200 https://registry.npmjs.org/lightningcss-linux-x64-musl 205ms (cache miss)
198 silly packumentCache full:https://registry.npmjs.org/lightningcss-linux-x64-musl set size:undefined disposed:false
199 silly fetch manifest @rolldown/binding-darwin-arm64@1.0.0-rc.17
200 silly packumentCache full:https://registry.npmjs.org/@rolldown%2fbinding-darwin-arm64 cache-miss
201 http fetch GET 200 https://registry.npmjs.org/picocolors 208ms (cache revalidated)
202 silly packumentCache full:https://registry.npmjs.org/picocolors set size:16648 disposed:false
203 silly fetch manifest @rolldown/binding-linux-arm64-musl@1.0.0-rc.17
204 silly packumentCache full:https://registry.npmjs.org/@rolldown%2fbinding-linux-arm64-musl cache-miss
205 http fetch GET 200 https://registry.npmjs.org/lightningcss-linux-arm64-gnu 218ms (cache miss)
206 silly packumentCache full:https://registry.npmjs.org/lightningcss-linux-arm64-gnu set size:undefined disposed:false
207 silly fetch manifest @rolldown/binding-openharmony-arm64@1.0.0-rc.17
208 silly packumentCache full:https://registry.npmjs.org/@rolldown%2fbinding-openharmony-arm64 cache-miss
209 http fetch GET 200 https://registry.npmjs.org/lightningcss-freebsd-x64 220ms (cache miss)
210 silly packumentCache full:https://registry.npmjs.org/lightningcss-freebsd-x64 set size:undefined disposed:false
211 silly fetch manifest @rolldown/binding-win32-arm64-msvc@1.0.0-rc.17
212 silly packumentCache full:https://registry.npmjs.org/@rolldown%2fbinding-win32-arm64-msvc cache-miss
213 http fetch GET 200 https://registry.npmjs.org/lightningcss-linux-arm64-musl 225ms (cache miss)
214 silly packumentCache full:https://registry.npmjs.org/lightningcss-linux-arm64-musl set size:undefined disposed:false
215 silly fetch manifest @rolldown/binding-android-arm64@1.0.0-rc.17
216 silly packumentCache full:https://registry.npmjs.org/@rolldown%2fbinding-android-arm64 cache-miss
217 http fetch GET 200 https://registry.npmjs.org/lightningcss-darwin-arm64 228ms (cache miss)
218 silly packumentCache full:https://registry.npmjs.org/lightningcss-darwin-arm64 set size:undefined disposed:false
219 silly fetch manifest @rolldown/binding-wasm32-wasi@1.0.0-rc.17
220 silly packumentCache full:https://registry.npmjs.org/@rolldown%2fbinding-wasm32-wasi cache-miss
221 http fetch GET 200 https://registry.npmjs.org/@rolldown%2fbinding-darwin-x64 225ms (cache miss)
222 silly packumentCache full:https://registry.npmjs.org/@rolldown%2fbinding-darwin-x64 set size:undefined disposed:false
223 silly fetch manifest @rolldown/binding-linux-s390x-gnu@1.0.0-rc.17
224 silly packumentCache full:https://registry.npmjs.org/@rolldown%2fbinding-linux-s390x-gnu cache-miss
225 http fetch GET 200 https://registry.npmjs.org/lightningcss-linux-x64-gnu 337ms (cache miss)
226 silly packumentCache full:https://registry.npmjs.org/lightningcss-linux-x64-gnu set size:undefined disposed:false
227 silly fetch manifest @rolldown/binding-linux-ppc64-gnu@1.0.0-rc.17
228 silly packumentCache full:https://registry.npmjs.org/@rolldown%2fbinding-linux-ppc64-gnu cache-miss
229 http fetch GET 200 https://registry.npmjs.org/@rolldown%2fbinding-openharmony-arm64 163ms (cache miss)
230 silly packumentCache full:https://registry.npmjs.org/@rolldown%2fbinding-openharmony-arm64 set size:undefined disposed:false
231 silly fetch manifest fdir@^6.5.0
232 silly packumentCache full:https://registry.npmjs.org/fdir cache-miss
233 http fetch GET 200 https://registry.npmjs.org/@rolldown%2fbinding-android-arm64 180ms (cache miss)
234 silly packumentCache full:https://registry.npmjs.org/@rolldown%2fbinding-android-arm64 set size:undefined disposed:false
235 http fetch GET 200 https://registry.npmjs.org/@rolldown%2fbinding-linux-x64-musl 236ms (cache miss)
236 silly packumentCache full:https://registry.npmjs.org/@rolldown%2fbinding-linux-x64-musl set size:undefined disposed:false
237 http fetch GET 200 https://registry.npmjs.org/@rolldown%2fbinding-freebsd-x64 242ms (cache miss)
238 silly packumentCache full:https://registry.npmjs.org/@rolldown%2fbinding-freebsd-x64 set size:undefined disposed:false
239 http fetch GET 200 https://registry.npmjs.org/fdir 75ms (cache miss)
240 silly packumentCache full:https://registry.npmjs.org/fdir set size:undefined disposed:false
241 http fetch GET 200 https://registry.npmjs.org/@rolldown%2fbinding-linux-s390x-gnu 159ms (cache miss)
242 silly packumentCache full:https://registry.npmjs.org/@rolldown%2fbinding-linux-s390x-gnu set size:undefined disposed:false
243 http fetch GET 200 https://registry.npmjs.org/@rolldown%2fbinding-linux-ppc64-gnu 167ms (cache miss)
244 silly packumentCache full:https://registry.npmjs.org/@rolldown%2fbinding-linux-ppc64-gnu set size:undefined disposed:false
245 http fetch GET 200 https://registry.npmjs.org/@rolldown%2fbinding-win32-arm64-msvc 286ms (cache miss)
246 silly packumentCache full:https://registry.npmjs.org/@rolldown%2fbinding-win32-arm64-msvc set size:undefined disposed:false
247 http fetch GET 200 https://registry.npmjs.org/@oxc-project%2ftypes 456ms (cache miss)
248 silly packumentCache full:https://registry.npmjs.org/@oxc-project%2ftypes set size:undefined disposed:false
249 http fetch GET 200 https://registry.npmjs.org/@rolldown%2fbinding-win32-x64-msvc 511ms (cache miss)
250 silly packumentCache full:https://registry.npmjs.org/@rolldown%2fbinding-win32-x64-msvc set size:undefined disposed:false
251 http fetch GET 200 https://registry.npmjs.org/@rolldown%2fbinding-linux-arm-gnueabihf 498ms (cache miss)
252 silly packumentCache full:https://registry.npmjs.org/@rolldown%2fbinding-linux-arm-gnueabihf set size:undefined disposed:false
253 http fetch GET 200 https://registry.npmjs.org/@rolldown%2fbinding-linux-arm64-musl 539ms (cache miss)
254 silly packumentCache full:https://registry.npmjs.org/@rolldown%2fbinding-linux-arm64-musl set size:undefined disposed:false
255 http fetch GET 200 https://registry.npmjs.org/@rolldown%2fbinding-linux-arm64-gnu 687ms (cache miss)
256 silly packumentCache full:https://registry.npmjs.org/@rolldown%2fbinding-linux-arm64-gnu set size:undefined disposed:false
257 http fetch GET 200 https://registry.npmjs.org/@rolldown%2fbinding-linux-x64-gnu 893ms (cache miss)
258 silly packumentCache full:https://registry.npmjs.org/@rolldown%2fbinding-linux-x64-gnu set size:undefined disposed:false
259 http fetch GET 200 https://registry.npmjs.org/@rolldown%2fbinding-darwin-arm64 782ms (cache miss)
260 silly packumentCache full:https://registry.npmjs.org/@rolldown%2fbinding-darwin-arm64 set size:undefined disposed:false
261 http fetch GET 200 https://registry.npmjs.org/@rolldown%2fbinding-wasm32-wasi 777ms (cache miss)
262 silly packumentCache full:https://registry.npmjs.org/@rolldown%2fbinding-wasm32-wasi set size:undefined disposed:false
263 silly placeDep ROOT detect-libc@2.1.2 OK for: lightningcss@1.32.0 want: ^2.0.3
264 silly placeDep ROOT lightningcss-android-arm64@1.32.0 OK for: lightningcss@1.32.0 want: 1.32.0
265 silly placeDep ROOT lightningcss-darwin-arm64@1.32.0 OK for: lightningcss@1.32.0 want: 1.32.0
266 silly placeDep ROOT lightningcss-darwin-x64@1.32.0 OK for: lightningcss@1.32.0 want: 1.32.0
267 silly placeDep ROOT lightningcss-freebsd-x64@1.32.0 OK for: lightningcss@1.32.0 want: 1.32.0
268 silly placeDep ROOT lightningcss-linux-arm-gnueabihf@1.32.0 OK for: lightningcss@1.32.0 want: 1.32.0
269 silly placeDep ROOT lightningcss-linux-arm64-gnu@1.32.0 OK for: lightningcss@1.32.0 want: 1.32.0
270 silly placeDep ROOT lightningcss-linux-arm64-musl@1.32.0 OK for: lightningcss@1.32.0 want: 1.32.0
271 silly placeDep ROOT lightningcss-linux-x64-gnu@1.32.0 OK for: lightningcss@1.32.0 want: 1.32.0
272 silly placeDep ROOT lightningcss-linux-x64-musl@1.32.0 OK for: lightningcss@1.32.0 want: 1.32.0
273 silly placeDep ROOT lightningcss-win32-arm64-msvc@1.32.0 OK for: lightningcss@1.32.0 want: 1.32.0
274 silly placeDep ROOT lightningcss-win32-x64-msvc@1.32.0 OK for: lightningcss@1.32.0 want: 1.32.0
275 silly placeDep ROOT nanoid@3.3.11 OK for: postcss@8.5.12 want: ^3.3.11
276 silly placeDep ROOT picocolors@1.1.1 OK for: postcss@8.5.12 want: ^1.1.1
277 silly placeDep ROOT source-map-js@1.2.1 OK for: postcss@8.5.12 want: ^1.2.1
278 silly placeDep ROOT @oxc-project/types@0.127.0 OK for: rolldown@1.0.0-rc.17 want: =0.127.0
279 silly placeDep ROOT @rolldown/binding-android-arm64@1.0.0-rc.17 OK for: rolldown@1.0.0-rc.17 want: 1.0.0-rc.17
280 silly placeDep ROOT @rolldown/binding-darwin-arm64@1.0.0-rc.17 OK for: rolldown@1.0.0-rc.17 want: 1.0.0-rc.17
281 silly placeDep ROOT @rolldown/binding-darwin-x64@1.0.0-rc.17 OK for: rolldown@1.0.0-rc.17 want: 1.0.0-rc.17
282 silly placeDep ROOT @rolldown/binding-freebsd-x64@1.0.0-rc.17 OK for: rolldown@1.0.0-rc.17 want: 1.0.0-rc.17
283 silly placeDep ROOT @rolldown/binding-linux-arm-gnueabihf@1.0.0-rc.17 OK for: rolldown@1.0.0-rc.17 want: 1.0.0-rc.17
284 silly placeDep ROOT @rolldown/binding-linux-arm64-gnu@1.0.0-rc.17 OK for: rolldown@1.0.0-rc.17 want: 1.0.0-rc.17
285 silly placeDep ROOT @rolldown/binding-linux-arm64-musl@1.0.0-rc.17 OK for: rolldown@1.0.0-rc.17 want: 1.0.0-rc.17
286 silly placeDep ROOT @rolldown/binding-linux-ppc64-gnu@1.0.0-rc.17 OK for: rolldown@1.0.0-rc.17 want: 1.0.0-rc.17
287 silly placeDep ROOT @rolldown/binding-linux-s390x-gnu@1.0.0-rc.17 OK for: rolldown@1.0.0-rc.17 want: 1.0.0-rc.17
288 silly placeDep ROOT @rolldown/binding-linux-x64-gnu@1.0.0-rc.17 OK for: rolldown@1.0.0-rc.17 want: 1.0.0-rc.17
289 silly placeDep ROOT @rolldown/binding-linux-x64-musl@1.0.0-rc.17 OK for: rolldown@1.0.0-rc.17 want: 1.0.0-rc.17
290 silly placeDep ROOT @rolldown/binding-openharmony-arm64@1.0.0-rc.17 OK for: rolldown@1.0.0-rc.17 want: 1.0.0-rc.17
291 silly placeDep ROOT @rolldown/binding-wasm32-wasi@1.0.0-rc.17 OK for: rolldown@1.0.0-rc.17 want: 1.0.0-rc.17
292 silly placeDep ROOT @rolldown/binding-win32-arm64-msvc@1.0.0-rc.17 OK for: rolldown@1.0.0-rc.17 want: 1.0.0-rc.17
293 silly placeDep ROOT @rolldown/binding-win32-x64-msvc@1.0.0-rc.17 OK for: rolldown@1.0.0-rc.17 want: 1.0.0-rc.17
294 silly placeDep node_modules/rolldown @rolldown/pluginutils@1.0.0-rc.17 OK for: rolldown@1.0.0-rc.17 want: 1.0.0-rc.17
295 silly fetch manifest @napi-rs/wasm-runtime@^1.1.4
296 silly packumentCache full:https://registry.npmjs.org/@napi-rs%2fwasm-runtime cache-miss
297 silly fetch manifest @emnapi/core@1.10.0
298 silly packumentCache full:https://registry.npmjs.org/@emnapi%2fcore cache-miss
299 silly fetch manifest @emnapi/runtime@1.10.0
300 silly packumentCache full:https://registry.npmjs.org/@emnapi%2fruntime cache-miss
301 http fetch GET 200 https://registry.npmjs.org/@napi-rs%2fwasm-runtime 112ms (cache miss)
302 silly packumentCache full:https://registry.npmjs.org/@napi-rs%2fwasm-runtime set size:undefined disposed:false
303 http fetch GET 200 https://registry.npmjs.org/@emnapi%2fcore 146ms (cache miss)
304 silly packumentCache full:https://registry.npmjs.org/@emnapi%2fcore set size:undefined disposed:false
305 http fetch GET 200 https://registry.npmjs.org/@emnapi%2fruntime 349ms (cache miss)
306 silly packumentCache full:https://registry.npmjs.org/@emnapi%2fruntime set size:undefined disposed:false
307 silly placeDep ROOT @emnapi/core@1.10.0 OK for: @rolldown/binding-wasm32-wasi@1.0.0-rc.17 want: 1.10.0
308 silly placeDep ROOT @emnapi/runtime@1.10.0 OK for: @rolldown/binding-wasm32-wasi@1.0.0-rc.17 want: 1.10.0
309 silly placeDep ROOT @napi-rs/wasm-runtime@1.1.4 OK for: @rolldown/binding-wasm32-wasi@1.0.0-rc.17 want: ^1.1.4
310 silly fetch manifest @emnapi/wasi-threads@1.2.1
311 silly packumentCache full:https://registry.npmjs.org/@emnapi%2fwasi-threads cache-miss
312 silly fetch manifest tslib@^2.4.0
313 silly packumentCache full:https://registry.npmjs.org/tslib cache-miss
314 silly fetch manifest tslib@^2.4.0
315 silly packumentCache full:https://registry.npmjs.org/tslib cache-miss
316 silly fetch manifest @tybys/wasm-util@^0.10.1
317 silly packumentCache full:https://registry.npmjs.org/@tybys%2fwasm-util cache-miss
318 http fetch GET 200 https://registry.npmjs.org/@emnapi%2fwasi-threads 67ms (cache miss)
319 silly packumentCache full:https://registry.npmjs.org/@emnapi%2fwasi-threads set size:undefined disposed:false
320 http fetch GET 200 https://registry.npmjs.org/tslib 68ms (cache miss)
321 silly packumentCache full:https://registry.npmjs.org/tslib set size:undefined disposed:false
322 http fetch GET 200 https://registry.npmjs.org/tslib 80ms (cache miss)
323 silly packumentCache full:https://registry.npmjs.org/tslib set size:undefined disposed:false
324 http fetch GET 200 https://registry.npmjs.org/@tybys%2fwasm-util 376ms (cache miss)
325 silly packumentCache full:https://registry.npmjs.org/@tybys%2fwasm-util set size:undefined disposed:false
326 silly placeDep ROOT @emnapi/wasi-threads@1.2.1 OK for: @emnapi/core@1.10.0 want: 1.2.1
327 silly placeDep ROOT tslib@2.8.1 OK for: @emnapi/core@1.10.0 want: ^2.4.0
328 silly placeDep ROOT @tybys/wasm-util@0.10.1 OK for: @napi-rs/wasm-runtime@1.1.4 want: ^0.10.1
329 silly placeDep ROOT fdir@6.5.0 OK for: tinyglobby@0.2.16 want: ^6.5.0
330 silly reify mark retired [
330 silly reify   'C:\\Users\\User\\Desktop\\nvr-fleet\\admin-ui\\node_modules\\@babel\\code-frame'
330 silly reify ]
331 silly reify mark retired [
331 silly reify   'C:\\Users\\User\\Desktop\\nvr-fleet\\admin-ui\\node_modules\\@babel\\compat-data'
331 silly reify ]
332 silly reify mark retired [
332 silly reify   'C:\\Users\\User\\Desktop\\nvr-fleet\\admin-ui\\node_modules\\@babel\\core'
332 silly reify ]
333 silly reify mark retired [
333 silly reify   'C:\\Users\\User\\Desktop\\nvr-fleet\\admin-ui\\node_modules\\@babel\\generator'
333 silly reify ]
334 silly reify mark retired [
334 silly reify   'C:\\Users\\User\\Desktop\\nvr-fleet\\admin-ui\\node_modules\\@babel\\helper-compilation-targets'
334 silly reify ]
335 silly reify mark retired [
335 silly reify   'C:\\Users\\User\\Desktop\\nvr-fleet\\admin-ui\\node_modules\\@babel\\helper-globals'
335 silly reify ]
336 silly reify mark retired [
336 silly reify   'C:\\Users\\User\\Desktop\\nvr-fleet\\admin-ui\\node_modules\\@babel\\helper-module-imports'
336 silly reify ]
337 silly reify mark retired [
337 silly reify   'C:\\Users\\User\\Desktop\\nvr-fleet\\admin-ui\\node_modules\\@babel\\helper-module-transforms'
337 silly reify ]
338 silly reify mark retired [
338 silly reify   'C:\\Users\\User\\Desktop\\nvr-fleet\\admin-ui\\node_modules\\@babel\\helper-plugin-utils'
338 silly reify ]
339 silly reify mark retired [
339 silly reify   'C:\\Users\\User\\Desktop\\nvr-fleet\\admin-ui\\node_modules\\@babel\\helper-string-parser'
339 silly reify ]
340 silly reify mark retired [
340 silly reify   'C:\\Users\\User\\Desktop\\nvr-fleet\\admin-ui\\node_modules\\@babel\\helper-validator-identifier'
340 silly reify ]
341 silly reify mark retired [
341 silly reify   'C:\\Users\\User\\Desktop\\nvr-fleet\\admin-ui\\node_modules\\@babel\\helper-validator-option'
341 silly reify ]
342 silly reify mark retired [
342 silly reify   'C:\\Users\\User\\Desktop\\nvr-fleet\\admin-ui\\node_modules\\@babel\\helpers'
342 silly reify ]
343 silly reify mark retired [
343 silly reify   'C:\\Users\\User\\Desktop\\nvr-fleet\\admin-ui\\node_modules\\@babel\\parser',
343 silly reify   'C:\\Users\\User\\Desktop\\nvr-fleet\\admin-ui\\node_modules\\.bin\\parser',
343 silly reify   'C:\\Users\\User\\Desktop\\nvr-fleet\\admin-ui\\node_modules\\.bin\\parser.cmd',
343 silly reify   'C:\\Users\\User\\Desktop\\nvr-fleet\\admin-ui\\node_modules\\.bin\\parser.ps1'
343 silly reify ]
344 silly reify mark retired [
344 silly reify   'C:\\Users\\User\\Desktop\\nvr-fleet\\admin-ui\\node_modules\\@babel\\plugin-transform-react-jsx-self'
344 silly reify ]
345 silly reify mark retired [
345 silly reify   'C:\\Users\\User\\Desktop\\nvr-fleet\\admin-ui\\node_modules\\@babel\\plugin-transform-react-jsx-source'
345 silly reify ]
346 silly reify mark retired [
346 silly reify   'C:\\Users\\User\\Desktop\\nvr-fleet\\admin-ui\\node_modules\\@babel\\template'
346 silly reify ]
347 silly reify mark retired [
347 silly reify   'C:\\Users\\User\\Desktop\\nvr-fleet\\admin-ui\\node_modules\\@babel\\traverse'
347 silly reify ]
348 silly reify mark retired [
348 silly reify   'C:\\Users\\User\\Desktop\\nvr-fleet\\admin-ui\\node_modules\\@babel\\types'
348 silly reify ]
349 silly reify mark retired [
349 silly reify   'C:\\Users\\User\\Desktop\\nvr-fleet\\admin-ui\\node_modules\\@esbuild\\win32-x64'
349 silly reify ]
350 silly reify mark retired [
350 silly reify   'C:\\Users\\User\\Desktop\\nvr-fleet\\admin-ui\\node_modules\\@jridgewell\\gen-mapping'
350 silly reify ]
351 silly reify mark retired [
351 silly reify   'C:\\Users\\User\\Desktop\\nvr-fleet\\admin-ui\\node_modules\\@jridgewell\\remapping'
351 silly reify ]
352 silly reify mark retired [
352 silly reify   'C:\\Users\\User\\Desktop\\nvr-fleet\\admin-ui\\node_modules\\@jridgewell\\resolve-uri'
352 silly reify ]
353 silly reify mark retired [
353 silly reify   'C:\\Users\\User\\Desktop\\nvr-fleet\\admin-ui\\node_modules\\@jridgewell\\sourcemap-codec'
353 silly reify ]
354 silly reify mark retired [
354 silly reify   'C:\\Users\\User\\Desktop\\nvr-fleet\\admin-ui\\node_modules\\@jridgewell\\trace-mapping'
354 silly reify ]
355 silly reify mark retired [
355 silly reify   'C:\\Users\\User\\Desktop\\nvr-fleet\\admin-ui\\node_modules\\@rolldown\\pluginutils'
355 silly reify ]
356 silly reify mark retired [
356 silly reify   'C:\\Users\\User\\Desktop\\nvr-fleet\\admin-ui\\node_modules\\@rollup\\rollup-win32-x64-gnu'
356 silly reify ]
357 silly reify mark retired [
357 silly reify   'C:\\Users\\User\\Desktop\\nvr-fleet\\admin-ui\\node_modules\\@rollup\\rollup-win32-x64-msvc'
357 silly reify ]
358 silly reify mark retired [
358 silly reify   'C:\\Users\\User\\Desktop\\nvr-fleet\\admin-ui\\node_modules\\@types\\babel__core'
358 silly reify ]
359 silly reify mark retired [
359 silly reify   'C:\\Users\\User\\Desktop\\nvr-fleet\\admin-ui\\node_modules\\@types\\babel__generator'
359 silly reify ]
360 silly reify mark retired [
360 silly reify   'C:\\Users\\User\\Desktop\\nvr-fleet\\admin-ui\\node_modules\\@types\\babel__template'
360 silly reify ]
361 silly reify mark retired [
361 silly reify   'C:\\Users\\User\\Desktop\\nvr-fleet\\admin-ui\\node_modules\\@types\\babel__traverse'
361 silly reify ]
362 silly reify mark retired [
362 silly reify   'C:\\Users\\User\\Desktop\\nvr-fleet\\admin-ui\\node_modules\\@types\\estree'
362 silly reify ]
363 silly reify mark retired [
363 silly reify   'C:\\Users\\User\\Desktop\\nvr-fleet\\admin-ui\\node_modules\\@vitejs\\plugin-react'
363 silly reify ]
364 silly reify mark retired [
364 silly reify   'C:\\Users\\User\\Desktop\\nvr-fleet\\admin-ui\\node_modules\\baseline-browser-mapping',
364 silly reify   'C:\\Users\\User\\Desktop\\nvr-fleet\\admin-ui\\node_modules\\.bin\\baseline-browser-mapping',
364 silly reify   'C:\\Users\\User\\Desktop\\nvr-fleet\\admin-ui\\node_modules\\.bin\\baseline-browser-mapping.cmd',
364 silly reify   'C:\\Users\\User\\Desktop\\nvr-fleet\\admin-ui\\node_modules\\.bin\\baseline-browser-mapping.ps1'
364 silly reify ]
365 silly reify mark retired [
365 silly reify   'C:\\Users\\User\\Desktop\\nvr-fleet\\admin-ui\\node_modules\\browserslist',
365 silly reify   'C:\\Users\\User\\Desktop\\nvr-fleet\\admin-ui\\node_modules\\.bin\\browserslist',
365 silly reify   'C:\\Users\\User\\Desktop\\nvr-fleet\\admin-ui\\node_modules\\.bin\\browserslist.cmd',
365 silly reify   'C:\\Users\\User\\Desktop\\nvr-fleet\\admin-ui\\node_modules\\.bin\\browserslist.ps1'
365 silly reify ]
366 silly reify mark retired [
366 silly reify   'C:\\Users\\User\\Desktop\\nvr-fleet\\admin-ui\\node_modules\\caniuse-lite'
366 silly reify ]
367 silly reify mark retired [
367 silly reify   'C:\\Users\\User\\Desktop\\nvr-fleet\\admin-ui\\node_modules\\convert-source-map'
367 silly reify ]
368 silly reify mark retired [
368 silly reify   'C:\\Users\\User\\Desktop\\nvr-fleet\\admin-ui\\node_modules\\debug'
368 silly reify ]
369 silly reify mark retired [
369 silly reify   'C:\\Users\\User\\Desktop\\nvr-fleet\\admin-ui\\node_modules\\electron-to-chromium'
369 silly reify ]
370 silly reify mark retired [
370 silly reify   'C:\\Users\\User\\Desktop\\nvr-fleet\\admin-ui\\node_modules\\esbuild',
370 silly reify   'C:\\Users\\User\\Desktop\\nvr-fleet\\admin-ui\\node_modules\\.bin\\esbuild',
370 silly reify   'C:\\Users\\User\\Desktop\\nvr-fleet\\admin-ui\\node_modules\\.bin\\esbuild.cmd',
370 silly reify   'C:\\Users\\User\\Desktop\\nvr-fleet\\admin-ui\\node_modules\\.bin\\esbuild.ps1'
370 silly reify ]
371 silly reify mark retired [
371 silly reify   'C:\\Users\\User\\Desktop\\nvr-fleet\\admin-ui\\node_modules\\escalade'
371 silly reify ]
372 silly reify mark retired [
372 silly reify   'C:\\Users\\User\\Desktop\\nvr-fleet\\admin-ui\\node_modules\\gensync'
372 silly reify ]
373 silly reify mark retired [
373 silly reify   'C:\\Users\\User\\Desktop\\nvr-fleet\\admin-ui\\node_modules\\jsesc',
373 silly reify   'C:\\Users\\User\\Desktop\\nvr-fleet\\admin-ui\\node_modules\\.bin\\jsesc',
373 silly reify   'C:\\Users\\User\\Desktop\\nvr-fleet\\admin-ui\\node_modules\\.bin\\jsesc.cmd',
373 silly reify   'C:\\Users\\User\\Desktop\\nvr-fleet\\admin-ui\\node_modules\\.bin\\jsesc.ps1'
373 silly reify ]
374 silly reify mark retired [
374 silly reify   'C:\\Users\\User\\Desktop\\nvr-fleet\\admin-ui\\node_modules\\json5',
374 silly reify   'C:\\Users\\User\\Desktop\\nvr-fleet\\admin-ui\\node_modules\\.bin\\json5',
374 silly reify   'C:\\Users\\User\\Desktop\\nvr-fleet\\admin-ui\\node_modules\\.bin\\json5.cmd',
374 silly reify   'C:\\Users\\User\\Desktop\\nvr-fleet\\admin-ui\\node_modules\\.bin\\json5.ps1'
374 silly reify ]
375 silly reify mark retired [
375 silly reify   'C:\\Users\\User\\Desktop\\nvr-fleet\\admin-ui\\node_modules\\lru-cache'
375 silly reify ]
376 silly reify mark retired [ 'C:\\Users\\User\\Desktop\\nvr-fleet\\admin-ui\\node_modules\\ms' ]
377 silly reify mark retired [
377 silly reify   'C:\\Users\\User\\Desktop\\nvr-fleet\\admin-ui\\node_modules\\node-releases'
377 silly reify ]
378 silly reify mark retired [
378 silly reify   'C:\\Users\\User\\Desktop\\nvr-fleet\\admin-ui\\node_modules\\react-refresh'
378 silly reify ]
379 silly reify mark retired [
379 silly reify   'C:\\Users\\User\\Desktop\\nvr-fleet\\admin-ui\\node_modules\\rollup',
379 silly reify   'C:\\Users\\User\\Desktop\\nvr-fleet\\admin-ui\\node_modules\\.bin\\rollup',
379 silly reify   'C:\\Users\\User\\Desktop\\nvr-fleet\\admin-ui\\node_modules\\.bin\\rollup.cmd',
379 silly reify   'C:\\Users\\User\\Desktop\\nvr-fleet\\admin-ui\\node_modules\\.bin\\rollup.ps1'
379 silly reify ]
380 silly reify mark retired [
380 silly reify   'C:\\Users\\User\\Desktop\\nvr-fleet\\admin-ui\\node_modules\\semver',
380 silly reify   'C:\\Users\\User\\Desktop\\nvr-fleet\\admin-ui\\node_modules\\.bin\\semver',
380 silly reify   'C:\\Users\\User\\Desktop\\nvr-fleet\\admin-ui\\node_modules\\.bin\\semver.cmd',
380 silly reify   'C:\\Users\\User\\Desktop\\nvr-fleet\\admin-ui\\node_modules\\.bin\\semver.ps1'
380 silly reify ]
381 silly reify mark retired [
381 silly reify   'C:\\Users\\User\\Desktop\\nvr-fleet\\admin-ui\\node_modules\\update-browserslist-db',
381 silly reify   'C:\\Users\\User\\Desktop\\nvr-fleet\\admin-ui\\node_modules\\.bin\\update-browserslist-db',
381 silly reify   'C:\\Users\\User\\Desktop\\nvr-fleet\\admin-ui\\node_modules\\.bin\\update-browserslist-db.cmd',
381 silly reify   'C:\\Users\\User\\Desktop\\nvr-fleet\\admin-ui\\node_modules\\.bin\\update-browserslist-db.ps1'
381 silly reify ]
382 silly reify mark retired [
382 silly reify   'C:\\Users\\User\\Desktop\\nvr-fleet\\admin-ui\\node_modules\\vite',
382 silly reify   'C:\\Users\\User\\Desktop\\nvr-fleet\\admin-ui\\node_modules\\.bin\\vite',
382 silly reify   'C:\\Users\\User\\Desktop\\nvr-fleet\\admin-ui\\node_modules\\.bin\\vite.cmd',
382 silly reify   'C:\\Users\\User\\Desktop\\nvr-fleet\\admin-ui\\node_modules\\.bin\\vite.ps1'
382 silly reify ]
383 silly reify mark retired [
383 silly reify   'C:\\Users\\User\\Desktop\\nvr-fleet\\admin-ui\\node_modules\\yallist'
383 silly reify ]
384 silly reify moves {
384 silly reify   'C:\\Users\\User\\Desktop\\nvr-fleet\\admin-ui\\node_modules\\@babel\\code-frame': 'C:\\Users\\User\\Desktop\\nvr-fleet\\admin-ui\\node_modules\\@babel\\.code-frame-h1HESc61',
384 silly reify   'C:\\Users\\User\\Desktop\\nvr-fleet\\admin-ui\\node_modules\\@babel\\compat-data': 'C:\\Users\\User\\Desktop\\nvr-fleet\\admin-ui\\node_modules\\@babel\\.compat-data-nb6K36Wq',
384 silly reify   'C:\\Users\\User\\Desktop\\nvr-fleet\\admin-ui\\node_modules\\@babel\\core': 'C:\\Users\\User\\Desktop\\nvr-fleet\\admin-ui\\node_modules\\@babel\\.core-7sFryQeD',
384 silly reify   'C:\\Users\\User\\Desktop\\nvr-fleet\\admin-ui\\node_modules\\@babel\\generator': 'C:\\Users\\User\\Desktop\\nvr-fleet\\admin-ui\\node_modules\\@babel\\.generator-oNX4862a',
384 silly reify   'C:\\Users\\User\\Desktop\\nvr-fleet\\admin-ui\\node_modules\\@babel\\helper-compilation-targets': 'C:\\Users\\User\\Desktop\\nvr-fleet\\admin-ui\\node_modules\\@babel\\.helper-compilation-targets-beS8geAV',
384 silly reify   'C:\\Users\\User\\Desktop\\nvr-fleet\\admin-ui\\node_modules\\@babel\\helper-globals': 'C:\\Users\\User\\Desktop\\nvr-fleet\\admin-ui\\node_modules\\@babel\\.helper-globals-peb217Km',
384 silly reify   'C:\\Users\\User\\Desktop\\nvr-fleet\\admin-ui\\node_modules\\@babel\\helper-module-imports': 'C:\\Users\\User\\Desktop\\nvr-fleet\\admin-ui\\node_modules\\@babel\\.helper-module-imports-5JoXViGN',
384 silly reify   'C:\\Users\\User\\Desktop\\nvr-fleet\\admin-ui\\node_modules\\@babel\\helper-module-transforms': 'C:\\Users\\User\\Desktop\\nvr-fleet\\admin-ui\\node_modules\\@babel\\.helper-module-transforms-sNMB8XTh',
384 silly reify   'C:\\Users\\User\\Desktop\\nvr-fleet\\admin-ui\\node_modules\\@babel\\helper-plugin-utils': 'C:\\Users\\User\\Desktop\\nvr-fleet\\admin-ui\\node_modules\\@babel\\.helper-plugin-utils-imhXFBwb',
384 silly reify   'C:\\Users\\User\\Desktop\\nvr-fleet\\admin-ui\\node_modules\\@babel\\helper-string-parser': 'C:\\Users\\User\\Desktop\\nvr-fleet\\admin-ui\\node_modules\\@babel\\.helper-string-parser-TCmfJunH',
384 silly reify   'C:\\Users\\User\\Desktop\\nvr-fleet\\admin-ui\\node_modules\\@babel\\helper-validator-identifier': 'C:\\Users\\User\\Desktop\\nvr-fleet\\admin-ui\\node_modules\\@babel\\.helper-validator-identifier-64lmKAuk',
384 silly reify   'C:\\Users\\User\\Desktop\\nvr-fleet\\admin-ui\\node_modules\\@babel\\helper-validator-option': 'C:\\Users\\User\\Desktop\\nvr-fleet\\admin-ui\\node_modules\\@babel\\.helper-validator-option-5JLyvx07',
384 silly reify   'C:\\Users\\User\\Desktop\\nvr-fleet\\admin-ui\\node_modules\\@babel\\helpers': 'C:\\Users\\User\\Desktop\\nvr-fleet\\admin-ui\\node_modules\\@babel\\.helpers-03lZq8mJ',
384 silly reify   'C:\\Users\\User\\Desktop\\nvr-fleet\\admin-ui\\node_modules\\@babel\\parser': 'C:\\Users\\User\\Desktop\\nvr-fleet\\admin-ui\\node_modules\\@babel\\.parser-DkFpEMWL',
384 silly reify   'C:\\Users\\User\\Desktop\\nvr-fleet\\admin-ui\\node_modules\\.bin\\parser': 'C:\\Users\\User\\Desktop\\nvr-fleet\\admin-ui\\node_modules\\.bin\\.parser-QojTjUNu',
384 silly reify   'C:\\Users\\User\\Desktop\\nvr-fleet\\admin-ui\\node_modules\\.bin\\parser.cmd': 'C:\\Users\\User\\Desktop\\nvr-fleet\\admin-ui\\node_modules\\.bin\\.parser.cmd-VfD129FA',
384 silly reify   'C:\\Users\\User\\Desktop\\nvr-fleet\\admin-ui\\node_modules\\.bin\\parser.ps1': 'C:\\Users\\User\\Desktop\\nvr-fleet\\admin-ui\\node_modules\\.bin\\.parser.ps1-Ua7LiXZt',
384 silly reify   'C:\\Users\\User\\Desktop\\nvr-fleet\\admin-ui\\node_modules\\@babel\\plugin-transform-react-jsx-self': 'C:\\Users\\User\\Desktop\\nvr-fleet\\admin-ui\\node_modules\\@babel\\.plugin-transform-react-jsx-self-JHtewAL4',
384 silly reify   'C:\\Users\\User\\Desktop\\nvr-fleet\\admin-ui\\node_modules\\@babel\\plugin-transform-react-jsx-source': 'C:\\Users\\User\\Desktop\\nvr-fleet\\admin-ui\\node_modules\\@babel\\.plugin-transform-react-jsx-source-YOyeKUS3',
384 silly reify   'C:\\Users\\User\\Desktop\\nvr-fleet\\admin-ui\\node_modules\\@babel\\template': 'C:\\Users\\User\\Desktop\\nvr-fleet\\admin-ui\\node_modules\\@babel\\.template-XlTfEsOk',
384 silly reify   'C:\\Users\\User\\Desktop\\nvr-fleet\\admin-ui\\node_modules\\@babel\\traverse': 'C:\\Users\\User\\Desktop\\nvr-fleet\\admin-ui\\node_modules\\@babel\\.traverse-fook2w4D',
384 silly reify   'C:\\Users\\User\\Desktop\\nvr-fleet\\admin-ui\\node_modules\\@babel\\types': 'C:\\Users\\User\\Desktop\\nvr-fleet\\admin-ui\\node_modules\\@babel\\.types-kBdqNobq',
384 silly reify   'C:\\Users\\User\\Desktop\\nvr-fleet\\admin-ui\\node_modules\\@esbuild\\win32-x64': 'C:\\Users\\User\\Desktop\\nvr-fleet\\admin-ui\\node_modules\\@esbuild\\.win32-x64-FYvfQKoS',
384 silly reify   'C:\\Users\\User\\Desktop\\nvr-fleet\\admin-ui\\node_modules\\@jridgewell\\gen-mapping': 'C:\\Users\\User\\Desktop\\nvr-fleet\\admin-ui\\node_modules\\@jridgewell\\.gen-mapping-nYXwhLs7',
384 silly reify   'C:\\Users\\User\\Desktop\\nvr-fleet\\admin-ui\\node_modules\\@jridgewell\\remapping': 'C:\\Users\\User\\Desktop\\nvr-fleet\\admin-ui\\node_modules\\@jridgewell\\.remapping-UEBlxW6X',
384 silly reify   'C:\\Users\\User\\Desktop\\nvr-fleet\\admin-ui\\node_modules\\@jridgewell\\resolve-uri': 'C:\\Users\\User\\Desktop\\nvr-fleet\\admin-ui\\node_modules\\@jridgewell\\.resolve-uri-xKiilokH',
384 silly reify   'C:\\Users\\User\\Desktop\\nvr-fleet\\admin-ui\\node_modules\\@jridgewell\\sourcemap-codec': 'C:\\Users\\User\\Desktop\\nvr-fleet\\admin-ui\\node_modules\\@jridgewell\\.sourcemap-codec-mjTXH41A',
384 silly reify   'C:\\Users\\User\\Desktop\\nvr-fleet\\admin-ui\\node_modules\\@jridgewell\\trace-mapping': 'C:\\Users\\User\\Desktop\\nvr-fleet\\admin-ui\\node_modules\\@jridgewell\\.trace-mapping-9DSnkBKe',
384 silly reify   'C:\\Users\\User\\Desktop\\nvr-fleet\\admin-ui\\node_modules\\@rolldown\\pluginutils': 'C:\\Users\\User\\Desktop\\nvr-fleet\\admin-ui\\node_modules\\@rolldown\\.pluginutils-sDVpCwP2',
384 silly reify   'C:\\Users\\User\\Desktop\\nvr-fleet\\admin-ui\\node_modules\\@rollup\\rollup-win32-x64-gnu': 'C:\\Users\\User\\Desktop\\nvr-fleet\\admin-ui\\node_modules\\@rollup\\.rollup-win32-x64-gnu-aEKnKFfb',
384 silly reify   'C:\\Users\\User\\Desktop\\nvr-fleet\\admin-ui\\node_modules\\@rollup\\rollup-win32-x64-msvc': 'C:\\Users\\User\\Desktop\\nvr-fleet\\admin-ui\\node_modules\\@rollup\\.rollup-win32-x64-msvc-iKOAcjiK',
384 silly reify   'C:\\Users\\User\\Desktop\\nvr-fleet\\admin-ui\\node_modules\\@types\\babel__core': 'C:\\Users\\User\\Desktop\\nvr-fleet\\admin-ui\\node_modules\\@types\\.babel__core-CVr5q399',
384 silly reify   'C:\\Users\\User\\Desktop\\nvr-fleet\\admin-ui\\node_modules\\@types\\babel__generator': 'C:\\Users\\User\\Desktop\\nvr-fleet\\admin-ui\\node_modules\\@types\\.babel__generator-jNt08j1b',
384 silly reify   'C:\\Users\\User\\Desktop\\nvr-fleet\\admin-ui\\node_modules\\@types\\babel__template': 'C:\\Users\\User\\Desktop\\nvr-fleet\\admin-ui\\node_modules\\@types\\.babel__template-soWX9CxV',
384 silly reify   'C:\\Users\\User\\Desktop\\nvr-fleet\\admin-ui\\node_modules\\@types\\babel__traverse': 'C:\\Users\\User\\Desktop\\nvr-fleet\\admin-ui\\node_modules\\@types\\.babel__traverse-nGtWG367',
384 silly reify   'C:\\Users\\User\\Desktop\\nvr-fleet\\admin-ui\\node_modules\\@types\\estree': 'C:\\Users\\User\\Desktop\\nvr-fleet\\admin-ui\\node_modules\\@types\\.estree-aDmIEG4J',
384 silly reify   'C:\\Users\\User\\Desktop\\nvr-fleet\\admin-ui\\node_modules\\@vitejs\\plugin-react': 'C:\\Users\\User\\Desktop\\nvr-fleet\\admin-ui\\node_modules\\@vitejs\\.plugin-react-2QStx9Ud',
384 silly reify   'C:\\Users\\User\\Desktop\\nvr-fleet\\admin-ui\\node_modules\\baseline-browser-mapping': 'C:\\Users\\User\\Desktop\\nvr-fleet\\admin-ui\\node_modules\\.baseline-browser-mapping-GgPt9qA6',
384 silly reify   'C:\\Users\\User\\Desktop\\nvr-fleet\\admin-ui\\node_modules\\.bin\\baseline-browser-mapping': 'C:\\Users\\User\\Desktop\\nvr-fleet\\admin-ui\\node_modules\\.bin\\.baseline-browser-mapping-s0K7njIt',
384 silly reify   'C:\\Users\\User\\Desktop\\nvr-fleet\\admin-ui\\node_modules\\.bin\\baseline-browser-mapping.cmd': 'C:\\Users\\User\\Desktop\\nvr-fleet\\admin-ui\\node_modules\\.bin\\.baseline-browser-mapping.cmd-rLSLA3ke',
384 silly reify   'C:\\Users\\User\\Desktop\\nvr-fleet\\admin-ui\\node_modules\\.bin\\baseline-browser-mapping.ps1': 'C:\\Users\\User\\Desktop\\nvr-fleet\\admin-ui\\node_modules\\.bin\\.baseline-browser-mapping.ps1-MPSNa8iG',
384 silly reify   'C:\\Users\\User\\Desktop\\nvr-fleet\\admin-ui\\node_modules\\browserslist': 'C:\\Users\\User\\Desktop\\nvr-fleet\\admin-ui\\node_modules\\.browserslist-ILc5AQyB',
384 silly reify   'C:\\Users\\User\\Desktop\\nvr-fleet\\admin-ui\\node_modules\\.bin\\browserslist': 'C:\\Users\\User\\Desktop\\nvr-fleet\\admin-ui\\node_modules\\.bin\\.browserslist-rJVuvFED',
384 silly reify   'C:\\Users\\User\\Desktop\\nvr-fleet\\admin-ui\\node_modules\\.bin\\browserslist.cmd': 'C:\\Users\\User\\Desktop\\nvr-fleet\\admin-ui\\node_modules\\.bin\\.browserslist.cmd-5H4sV1C0',
384 silly reify   'C:\\Users\\User\\Desktop\\nvr-fleet\\admin-ui\\node_modules\\.bin\\browserslist.ps1': 'C:\\Users\\User\\Desktop\\nvr-fleet\\admin-ui\\node_modules\\.bin\\.browserslist.ps1-kAOiNFGM',
384 silly reify   'C:\\Users\\User\\Desktop\\nvr-fleet\\admin-ui\\node_modules\\caniuse-lite': 'C:\\Users\\User\\Desktop\\nvr-fleet\\admin-ui\\node_modules\\.caniuse-lite-smG6oeDn',
384 silly reify   'C:\\Users\\User\\Desktop\\nvr-fleet\\admin-ui\\node_modules\\convert-source-map': 'C:\\Users\\User\\Desktop\\nvr-fleet\\admin-ui\\node_modules\\.convert-source-map-DHQjrVvx',
384 silly reify   'C:\\Users\\User\\Desktop\\nvr-fleet\\admin-ui\\node_modules\\debug': 'C:\\Users\\User\\Desktop\\nvr-fleet\\admin-ui\\node_modules\\.debug-SVrpDCQF',
384 silly reify   'C:\\Users\\User\\Desktop\\nvr-fleet\\admin-ui\\node_modules\\electron-to-chromium': 'C:\\Users\\User\\Desktop\\nvr-fleet\\admin-ui\\node_modules\\.electron-to-chromium-0W1fIcun',
384 silly reify   'C:\\Users\\User\\Desktop\\nvr-fleet\\admin-ui\\node_modules\\esbuild': 'C:\\Users\\User\\Desktop\\nvr-fleet\\admin-ui\\node_modules\\.esbuild-ThiSGtHJ',
384 silly reify   'C:\\Users\\User\\Desktop\\nvr-fleet\\admin-ui\\node_modules\\.bin\\esbuild': 'C:\\Users\\User\\Desktop\\nvr-fleet\\admin-ui\\node_modules\\.bin\\.esbuild-Fy1Afaul',
384 silly reify   'C:\\Users\\User\\Desktop\\nvr-fleet\\admin-ui\\node_modules\\.bin\\esbuild.cmd': 'C:\\Users\\User\\Desktop\\nvr-fleet\\admin-ui\\node_modules\\.bin\\.esbuild.cmd-3QPkGCJr',
384 silly reify   'C:\\Users\\User\\Desktop\\nvr-fleet\\admin-ui\\node_modules\\.bin\\esbuild.ps1': 'C:\\Users\\User\\Desktop\\nvr-fleet\\admin-ui\\node_modules\\.bin\\.esbuild.ps1-vSq5zFRM',
384 silly reify   'C:\\Users\\User\\Desktop\\nvr-fleet\\admin-ui\\node_modules\\escalade': 'C:\\Users\\User\\Desktop\\nvr-fleet\\admin-ui\\node_modules\\.escalade-1utc86rz',
384 silly reify   'C:\\Users\\User\\Desktop\\nvr-fleet\\admin-ui\\node_modules\\gensync': 'C:\\Users\\User\\Desktop\\nvr-fleet\\admin-ui\\node_modules\\.gensync-lJm62hqM',
384 silly reify   'C:\\Users\\User\\Desktop\\nvr-fleet\\admin-ui\\node_modules\\jsesc': 'C:\\Users\\User\\Desktop\\nvr-fleet\\admin-ui\\node_modules\\.jsesc-cHmSgGDj',
384 silly reify   'C:\\Users\\User\\Desktop\\nvr-fleet\\admin-ui\\node_modules\\.bin\\jsesc': 'C:\\Users\\User\\Desktop\\nvr-fleet\\admin-ui\\node_modules\\.bin\\.jsesc-2petlWOj',
384 silly reify   'C:\\Users\\User\\Desktop\\nvr-fleet\\admin-ui\\node_modules\\.bin\\jsesc.cmd': 'C:\\Users\\User\\Desktop\\nvr-fleet\\admin-ui\\node_modules\\.bin\\.jsesc.cmd-LP2ZqN4D',
384 silly reify   'C:\\Users\\User\\Desktop\\nvr-fleet\\admin-ui\\node_modules\\.bin\\jsesc.ps1': 'C:\\Users\\User\\Desktop\\nvr-fleet\\admin-ui\\node_modules\\.bin\\.jsesc.ps1-nAgRSqsu',
384 silly reify   'C:\\Users\\User\\Desktop\\nvr-fleet\\admin-ui\\node_modules\\json5': 'C:\\Users\\User\\Desktop\\nvr-fleet\\admin-ui\\node_modules\\.json5-0vhlxcqB',
384 silly reify   'C:\\Users\\User\\Desktop\\nvr-fleet\\admin-ui\\node_modules\\.bin\\json5': 'C:\\Users\\User\\Desktop\\nvr-fleet\\admin-ui\\node_modules\\.bin\\.json5-hK09XUhw',
384 silly reify   'C:\\Users\\User\\Desktop\\nvr-fleet\\admin-ui\\node_modules\\.bin\\json5.cmd': 'C:\\Users\\User\\Desktop\\nvr-fleet\\admin-ui\\node_modules\\.bin\\.json5.cmd-gKKaAtPJ',
384 silly reify   'C:\\Users\\User\\Desktop\\nvr-fleet\\admin-ui\\node_modules\\.bin\\json5.ps1': 'C:\\Users\\User\\Desktop\\nvr-fleet\\admin-ui\\node_modules\\.bin\\.json5.ps1-H52WA0C6',
384 silly reify   'C:\\Users\\User\\Desktop\\nvr-fleet\\admin-ui\\node_modules\\lru-cache': 'C:\\Users\\User\\Desktop\\nvr-fleet\\admin-ui\\node_modules\\.lru-cache-8BxMA9Eg',
384 silly reify   'C:\\Users\\User\\Desktop\\nvr-fleet\\admin-ui\\node_modules\\ms': 'C:\\Users\\User\\Desktop\\nvr-fleet\\admin-ui\\node_modules\\.ms-5B57M2dQ',
384 silly reify   'C:\\Users\\User\\Desktop\\nvr-fleet\\admin-ui\\node_modules\\node-releases': 'C:\\Users\\User\\Desktop\\nvr-fleet\\admin-ui\\node_modules\\.node-releases-7G1yzkOL',
384 silly reify   'C:\\Users\\User\\Desktop\\nvr-fleet\\admin-ui\\node_modules\\react-refresh': 'C:\\Users\\User\\Desktop\\nvr-fleet\\admin-ui\\node_modules\\.react-refresh-f2lraCHK',
384 silly reify   'C:\\Users\\User\\Desktop\\nvr-fleet\\admin-ui\\node_modules\\rollup': 'C:\\Users\\User\\Desktop\\nvr-fleet\\admin-ui\\node_modules\\.rollup-fQqnSnWb',
384 silly reify   'C:\\Users\\User\\Desktop\\nvr-fleet\\admin-ui\\node_modules\\.bin\\rollup': 'C:\\Users\\User\\Desktop\\nvr-fleet\\admin-ui\\node_modules\\.bin\\.rollup-de4vAZ4m',
384 silly reify   'C:\\Users\\User\\Desktop\\nvr-fleet\\admin-ui\\node_modules\\.bin\\rollup.cmd': 'C:\\Users\\User\\Desktop\\nvr-fleet\\admin-ui\\node_modules\\.bin\\.rollup.cmd-xKvY0EWN',
384 silly reify   'C:\\Users\\User\\Desktop\\nvr-fleet\\admin-ui\\node_modules\\.bin\\rollup.ps1': 'C:\\Users\\User\\Desktop\\nvr-fleet\\admin-ui\\node_modules\\.bin\\.rollup.ps1-NtVMiI9G',
384 silly reify   'C:\\Users\\User\\Desktop\\nvr-fleet\\admin-ui\\node_modules\\semver': 'C:\\Users\\User\\Desktop\\nvr-fleet\\admin-ui\\node_modules\\.semver-NnzrKzqZ',
384 silly reify   'C:\\Users\\User\\Desktop\\nvr-fleet\\admin-ui\\node_modules\\.bin\\semver': 'C:\\Users\\User\\Desktop\\nvr-fleet\\admin-ui\\node_modules\\.bin\\.semver-CEL6j6QD',
384 silly reify   'C:\\Users\\User\\Desktop\\nvr-fleet\\admin-ui\\node_modules\\.bin\\semver.cmd': 'C:\\Users\\User\\Desktop\\nvr-fleet\\admin-ui\\node_modules\\.bin\\.semver.cmd-4lGWi0Wm',
384 silly reify   'C:\\Users\\User\\Desktop\\nvr-fleet\\admin-ui\\node_modules\\.bin\\semver.ps1': 'C:\\Users\\User\\Desktop\\nvr-fleet\\admin-ui\\node_modules\\.bin\\.semver.ps1-TattzjIx',
384 silly reify   'C:\\Users\\User\\Desktop\\nvr-fleet\\admin-ui\\node_modules\\update-browserslist-db': 'C:\\Users\\User\\Desktop\\nvr-fleet\\admin-ui\\node_modules\\.update-browserslist-db-u6VCdkdA',
384 silly reify   'C:\\Users\\User\\Desktop\\nvr-fleet\\admin-ui\\node_modules\\.bin\\update-browserslist-db': 'C:\\Users\\User\\Desktop\\nvr-fleet\\admin-ui\\node_modules\\.bin\\.update-browserslist-db-CBUEIxTV',
384 silly reify   'C:\\Users\\User\\Desktop\\nvr-fleet\\admin-ui\\node_modules\\.bin\\update-browserslist-db.cmd': 'C:\\Users\\User\\Desktop\\nvr-fleet\\admin-ui\\node_modules\\.bin\\.update-browserslist-db.cmd-ZrOdeK7X',
384 silly reify   'C:\\Users\\User\\Desktop\\nvr-fleet\\admin-ui\\node_modules\\.bin\\update-browserslist-db.ps1': 'C:\\Users\\User\\Desktop\\nvr-fleet\\admin-ui\\node_modules\\.bin\\.update-browserslist-db.ps1-fQWUdh29',
384 silly reify   'C:\\Users\\User\\Desktop\\nvr-fleet\\admin-ui\\node_modules\\vite': 'C:\\Users\\User\\Desktop\\nvr-fleet\\admin-ui\\node_modules\\.vite-ueO1Hb9Z',
384 silly reify   'C:\\Users\\User\\Desktop\\nvr-fleet\\admin-ui\\node_modules\\.bin\\vite': 'C:\\Users\\User\\Desktop\\nvr-fleet\\admin-ui\\node_modules\\.bin\\.vite-O5njqJaJ',
384 silly reify   'C:\\Users\\User\\Desktop\\nvr-fleet\\admin-ui\\node_modules\\.bin\\vite.cmd': 'C:\\Users\\User\\Desktop\\nvr-fleet\\admin-ui\\node_modules\\.bin\\.vite.cmd-U6dCjjCa',
384 silly reify   'C:\\Users\\User\\Desktop\\nvr-fleet\\admin-ui\\node_modules\\.bin\\vite.ps1': 'C:\\Users\\User\\Desktop\\nvr-fleet\\admin-ui\\node_modules\\.bin\\.vite.ps1-8EaNjrMr',
384 silly reify   'C:\\Users\\User\\Desktop\\nvr-fleet\\admin-ui\\node_modules\\yallist': 'C:\\Users\\User\\Desktop\\nvr-fleet\\admin-ui\\node_modules\\.yallist-yVBAD3CZ'
384 silly reify }
385 silly audit bulk request {
385 silly audit   'js-tokens': [ '4.0.0' ],
385 silly audit   'loose-envify': [ '1.4.0' ],
385 silly audit   react: [ '18.3.1' ],
385 silly audit   'react-dom': [ '18.3.1' ],
385 silly audit   scheduler: [ '0.23.2' ],
385 silly audit   '@vitejs/plugin-react': [ '6.0.1' ],
385 silly audit   vite: [ '8.0.10' ],
385 silly audit   '@rolldown/pluginutils': [ '1.0.0-rc.7', '1.0.0-rc.17' ],
385 silly audit   fsevents: [ '2.3.3' ],
385 silly audit   lightningcss: [ '1.32.0' ],
385 silly audit   picomatch: [ '4.0.4' ],
385 silly audit   postcss: [ '8.5.12' ],
385 silly audit   rolldown: [ '1.0.0-rc.17' ],
385 silly audit   tinyglobby: [ '0.2.16' ],
385 silly audit   'detect-libc': [ '2.1.2' ],
385 silly audit   'lightningcss-android-arm64': [ '1.32.0' ],
385 silly audit   'lightningcss-darwin-arm64': [ '1.32.0' ],
385 silly audit   'lightningcss-darwin-x64': [ '1.32.0' ],
385 silly audit   'lightningcss-freebsd-x64': [ '1.32.0' ],
385 silly audit   'lightningcss-linux-arm-gnueabihf': [ '1.32.0' ],
385 silly audit   'lightningcss-linux-arm64-gnu': [ '1.32.0' ],
385 silly audit   'lightningcss-linux-arm64-musl': [ '1.32.0' ],
385 silly audit   'lightningcss-linux-x64-gnu': [ '1.32.0' ],
385 silly audit   'lightningcss-linux-x64-musl': [ '1.32.0' ],
385 silly audit   'lightningcss-win32-arm64-msvc': [ '1.32.0' ],
385 silly audit   'lightningcss-win32-x64-msvc': [ '1.32.0' ],
385 silly audit   nanoid: [ '3.3.11' ],
385 silly audit   picocolors: [ '1.1.1' ],
385 silly audit   'source-map-js': [ '1.2.1' ],
385 silly audit   '@oxc-project/types': [ '0.127.0' ],
385 silly audit   '@rolldown/binding-android-arm64': [ '1.0.0-rc.17' ],
385 silly audit   '@rolldown/binding-darwin-arm64': [ '1.0.0-rc.17' ],
385 silly audit   '@rolldown/binding-darwin-x64': [ '1.0.0-rc.17' ],
385 silly audit   '@rolldown/binding-freebsd-x64': [ '1.0.0-rc.17' ],
385 silly audit   '@rolldown/binding-linux-arm-gnueabihf': [ '1.0.0-rc.17' ],
385 silly audit   '@rolldown/binding-linux-arm64-gnu': [ '1.0.0-rc.17' ],
385 silly audit   '@rolldown/binding-linux-arm64-musl': [ '1.0.0-rc.17' ],
385 silly audit   '@rolldown/binding-linux-ppc64-gnu': [ '1.0.0-rc.17' ],
385 silly audit   '@rolldown/binding-linux-s390x-gnu': [ '1.0.0-rc.17' ],
385 silly audit   '@rolldown/binding-linux-x64-gnu': [ '1.0.0-rc.17' ],
385 silly audit   '@rolldown/binding-linux-x64-musl': [ '1.0.0-rc.17' ],
385 silly audit   '@rolldown/binding-openharmony-arm64': [ '1.0.0-rc.17' ],
385 silly audit   '@rolldown/binding-wasm32-wasi': [ '1.0.0-rc.17' ],
385 silly audit   '@rolldown/binding-win32-arm64-msvc': [ '1.0.0-rc.17' ],
385 silly audit   '@rolldown/binding-win32-x64-msvc': [ '1.0.0-rc.17' ],
385 silly audit   '@emnapi/core': [ '1.10.0' ],
385 silly audit   '@emnapi/runtime': [ '1.10.0' ],
385 silly audit   '@napi-rs/wasm-runtime': [ '1.1.4' ],
385 silly audit   '@emnapi/wasi-threads': [ '1.2.1' ],
385 silly audit   tslib: [ '2.8.1' ],
385 silly audit   '@tybys/wasm-util': [ '0.10.1' ],
385 silly audit   fdir: [ '6.5.0' ]
385 silly audit }
386 http cache @rolldown/binding-win32-x64-msvc@https://registry.npmjs.org/@rolldown/binding-win32-x64-msvc/-/binding-win32-x64-msvc-1.0.0-rc.17.tgz 0ms (cache hit)
387 http cache detect-libc@https://registry.npmjs.org/detect-libc/-/detect-libc-2.1.2.tgz 0ms (cache hit)
388 http cache fdir@https://registry.npmjs.org/fdir/-/fdir-6.5.0.tgz 0ms (cache hit)
389 http cache lightningcss-win32-x64-msvc@https://registry.npmjs.org/lightningcss-win32-x64-msvc/-/lightningcss-win32-x64-msvc-1.32.0.tgz 0ms (cache hit)
390 http cache @oxc-project/types@https://registry.npmjs.org/@oxc-project/types/-/types-0.127.0.tgz 0ms (cache hit)
391 http cache rolldown@https://registry.npmjs.org/rolldown/-/rolldown-1.0.0-rc.17.tgz 0ms (cache hit)
392 http cache tinyglobby@https://registry.npmjs.org/tinyglobby/-/tinyglobby-0.2.16.tgz 0ms (cache hit)
393 http cache @rolldown/pluginutils@https://registry.npmjs.org/@rolldown/pluginutils/-/pluginutils-1.0.0-rc.7.tgz 0ms (cache hit)
394 http cache @vitejs/plugin-react@https://registry.npmjs.org/@vitejs/plugin-react/-/plugin-react-6.0.1.tgz 0ms (cache hit)
395 http cache lightningcss@https://registry.npmjs.org/lightningcss/-/lightningcss-1.32.0.tgz 0ms (cache hit)
396 http cache picomatch@https://registry.npmjs.org/picomatch/-/picomatch-4.0.4.tgz 0ms (cache hit)
397 silly tarball no local data for @rolldown/binding-win32-x64-msvc@https://registry.npmjs.org/@rolldown/binding-win32-x64-msvc/-/binding-win32-x64-msvc-1.0.0-rc.17.tgz. Extracting by manifest.
398 silly tarball no local data for detect-libc@https://registry.npmjs.org/detect-libc/-/detect-libc-2.1.2.tgz. Extracting by manifest.
399 silly tarball no local data for fdir@https://registry.npmjs.org/fdir/-/fdir-6.5.0.tgz. Extracting by manifest.
400 silly tarball no local data for lightningcss-win32-x64-msvc@https://registry.npmjs.org/lightningcss-win32-x64-msvc/-/lightningcss-win32-x64-msvc-1.32.0.tgz. Extracting by manifest.
401 silly tarball no local data for @oxc-project/types@https://registry.npmjs.org/@oxc-project/types/-/types-0.127.0.tgz. Extracting by manifest.
402 silly tarball no local data for rolldown@https://registry.npmjs.org/rolldown/-/rolldown-1.0.0-rc.17.tgz. Extracting by manifest.
403 silly tarball no local data for tinyglobby@https://registry.npmjs.org/tinyglobby/-/tinyglobby-0.2.16.tgz. Extracting by manifest.
404 silly tarball no local data for @rolldown/pluginutils@https://registry.npmjs.org/@rolldown/pluginutils/-/pluginutils-1.0.0-rc.7.tgz. Extracting by manifest.
405 silly tarball no local data for @vitejs/plugin-react@https://registry.npmjs.org/@vitejs/plugin-react/-/plugin-react-6.0.1.tgz. Extracting by manifest.
406 silly tarball no local data for lightningcss@https://registry.npmjs.org/lightningcss/-/lightningcss-1.32.0.tgz. Extracting by manifest.
407 http cache @rolldown/pluginutils@https://registry.npmjs.org/@rolldown/pluginutils/-/pluginutils-1.0.0-rc.17.tgz 0ms (cache hit)
408 http cache vite@https://registry.npmjs.org/vite/-/vite-8.0.10.tgz 0ms (cache hit)
409 silly tarball no local data for picomatch@https://registry.npmjs.org/picomatch/-/picomatch-4.0.4.tgz. Extracting by manifest.
410 silly tarball no local data for @rolldown/pluginutils@https://registry.npmjs.org/@rolldown/pluginutils/-/pluginutils-1.0.0-rc.17.tgz. Extracting by manifest.
411 silly tarball no local data for vite@https://registry.npmjs.org/vite/-/vite-8.0.10.tgz. Extracting by manifest.
412 http fetch GET 200 https://registry.npmjs.org/tinyglobby/-/tinyglobby-0.2.16.tgz 111ms (cache miss)
413 http fetch GET 200 https://registry.npmjs.org/fdir/-/fdir-6.5.0.tgz 115ms (cache miss)
414 http fetch GET 200 https://registry.npmjs.org/detect-libc/-/detect-libc-2.1.2.tgz 124ms (cache miss)
415 http fetch GET 200 https://registry.npmjs.org/picomatch/-/picomatch-4.0.4.tgz 134ms (cache miss)
416 http fetch GET 200 https://registry.npmjs.org/lightningcss/-/lightningcss-1.32.0.tgz 163ms (cache miss)
417 http fetch GET 200 https://registry.npmjs.org/@rolldown/pluginutils/-/pluginutils-1.0.0-rc.17.tgz 162ms (cache miss)
418 http fetch GET 200 https://registry.npmjs.org/rolldown/-/rolldown-1.0.0-rc.17.tgz 266ms (cache miss)
419 http fetch POST 200 https://registry.npmjs.org/-/npm/v1/security/advisories/bulk 321ms
420 silly audit report {}
421 http fetch GET 200 https://registry.npmjs.org/vite/-/vite-8.0.10.tgz 306ms (cache miss)
422 http fetch GET 200 https://registry.npmjs.org/@oxc-project/types/-/types-0.127.0.tgz 377ms (cache miss)
423 http fetch GET 200 https://registry.npmjs.org/@vitejs/plugin-react/-/plugin-react-6.0.1.tgz 680ms (cache miss)
424 http fetch GET 200 https://registry.npmjs.org/@rolldown/pluginutils/-/pluginutils-1.0.0-rc.7.tgz 699ms (cache miss)
425 http fetch GET 200 https://registry.npmjs.org/lightningcss-win32-x64-msvc/-/lightningcss-win32-x64-msvc-1.32.0.tgz 4070ms (cache miss)
426 http fetch GET 200 https://registry.npmjs.org/@rolldown/binding-win32-x64-msvc/-/binding-win32-x64-msvc-1.0.0-rc.17.tgz 9488ms (cache miss)
427 silly ADD node_modules/fdir
428 silly ADD node_modules/@rolldown/binding-win32-x64-msvc
429 silly ADD node_modules/@oxc-project/types
430 silly ADD node_modules/lightningcss-win32-x64-msvc
431 silly ADD node_modules/detect-libc
432 silly ADD node_modules/tinyglobby
433 silly ADD node_modules/rolldown
434 silly ADD node_modules/rolldown/node_modules/@rolldown/pluginutils
435 silly ADD node_modules/picomatch
436 silly ADD node_modules/lightningcss
437 silly REMOVE node_modules/yallist
438 silly CHANGE node_modules/vite
439 silly REMOVE node_modules/update-browserslist-db
440 silly REMOVE node_modules/semver
441 silly REMOVE node_modules/rollup
442 silly REMOVE node_modules/react-refresh
443 silly REMOVE node_modules/node-releases
444 silly REMOVE node_modules/ms
445 silly REMOVE node_modules/lru-cache
446 silly REMOVE node_modules/json5
447 silly REMOVE node_modules/jsesc
448 silly REMOVE node_modules/gensync
449 silly REMOVE node_modules/escalade
450 silly REMOVE node_modules/esbuild
451 silly REMOVE node_modules/electron-to-chromium
452 silly REMOVE node_modules/debug
453 silly REMOVE node_modules/convert-source-map
454 silly REMOVE node_modules/caniuse-lite
455 silly REMOVE node_modules/browserslist
456 silly REMOVE node_modules/baseline-browser-mapping
457 silly CHANGE node_modules/@vitejs/plugin-react
458 silly REMOVE node_modules/@types/estree
459 silly REMOVE node_modules/@types/babel__traverse
460 silly REMOVE node_modules/@types/babel__template
461 silly REMOVE node_modules/@types/babel__generator
462 silly REMOVE node_modules/@types/babel__core
463 silly REMOVE node_modules/@rollup/rollup-win32-x64-msvc
464 silly REMOVE node_modules/@rollup/rollup-win32-x64-gnu
465 silly CHANGE node_modules/@rolldown/pluginutils
466 silly REMOVE node_modules/@jridgewell/trace-mapping
467 silly REMOVE node_modules/@jridgewell/sourcemap-codec
468 silly REMOVE node_modules/@jridgewell/resolve-uri
469 silly REMOVE node_modules/@jridgewell/remapping
470 silly REMOVE node_modules/@jridgewell/gen-mapping
471 silly REMOVE node_modules/@esbuild/win32-x64
472 silly REMOVE node_modules/@babel/types
473 silly REMOVE node_modules/@babel/traverse
474 silly REMOVE node_modules/@babel/template
475 silly REMOVE node_modules/@babel/plugin-transform-react-jsx-source
476 silly REMOVE node_modules/@babel/plugin-transform-react-jsx-self
477 silly REMOVE node_modules/@babel/parser
478 silly REMOVE node_modules/@babel/helpers
479 silly REMOVE node_modules/@babel/helper-validator-option
480 silly REMOVE node_modules/@babel/helper-validator-identifier
481 silly REMOVE node_modules/@babel/helper-string-parser
482 silly REMOVE node_modules/@babel/helper-plugin-utils
483 silly REMOVE node_modules/@babel/helper-module-transforms
484 silly REMOVE node_modules/@babel/helper-module-imports
485 silly REMOVE node_modules/@babel/helper-globals
486 silly REMOVE node_modules/@babel/helper-compilation-targets
487 silly REMOVE node_modules/@babel/generator
488 silly REMOVE node_modules/@babel/core
489 silly REMOVE node_modules/@babel/compat-data
490 silly REMOVE node_modules/@babel/code-frame
491 verbose cwd C:\Users\User\Desktop\nvr-fleet\admin-ui
492 verbose os Windows_NT 10.0.26200
493 verbose node v24.14.0
494 verbose npm  v11.9.0
495 verbose exit 0
496 info ok
